<?xml version="1.0" encoding="UTF-8"?>
<testsuite xmlns:xsi="http://www.w3.org/2001/XMLSchema-instance" xsi:noNamespaceSchemaLocation="https://maven.apache.org/surefire/maven-surefire-plugin/xsd/surefire-test-report-3.0.xsd" version="3.0" name="com.starter.springboot.controller.AuthenticationControllerTest" time="1.664" tests="21" errors="0" skipped="0" failures="0">
  <properties>
[...]
</properties>
  <testcase name="testInvalidOtpVerification" classname="com.starter.springboot.controller.AuthenticationControllerTest" time="0.813">
    <system-out><![CDATA[2025-12-04T16:14:54.244+05:30 DEBUG 18052 --- [Starter Project] [           main] s.w.s.m.m.a.RequestMappingHandlerMapping : 4 mappings in org.springframework.web.servlet.mvc.method.annotation.RequestMappingHandlerMapping
2025-12-04T16:14:54.247+05:30 DEBUG 18052 --- [Starter Project] [           main] s.w.s.m.m.a.RequestMappingHandlerAdapter : ControllerAdvice beans: 0 @ModelAttribute, 0 @InitBinder, 1 RequestBodyAdvice, 1 ResponseBodyAdvice
2025-12-04T16:14:54.248+05:30  INFO 18052 --- [Starter Project] [           main] o.s.mock.web.MockServletContext          : Initializing Spring TestDispatcherServlet ''
2025-12-04T16:14:54.248+05:30  INFO 18052 --- [Starter Project] [           main] o.s.t.web.servlet.TestDispatcherServlet  : Initializing Servlet ''
2025-12-04T16:14:54.248+05:30  INFO 18052 --- [Starter Project] [           main] o.s.t.web.servlet.TestDispatcherServlet  : Completed initialization in 0 ms
2025-12-04T16:14:54.263+05:30 DEBUG 18052 --- [Starter Project] [           main] s.w.s.m.m.a.RequestMappingHandlerMapping : Mapped to com.starter.springboot.controller.AuthenticationController#verifyOtp(VerifyTokenRequestDTO)
2025-12-04T16:14:54.269+05:30 DEBUG 18052 --- [Starter Project] [           main] m.m.a.RequestResponseBodyMethodProcessor : Read "application/json" to [com.starter.springboot.dto.VerifyTokenRequestDTO@8cf705e]
2025-12-04T16:14:54.276+05:30  WARN 18052 --- [Starter Project] [           main] c.s.s.c.AuthenticationController         : OTP validation failed for user: diona.smith with status INVALID
2025-12-04T16:14:54.279+05:30 DEBUG 18052 --- [Starter Project] [           main] o.s.w.s.m.m.a.HttpEntityMethodProcessor  : Using 'application/json', given [*/*] and supported [application/json, application/*+json]
2025-12-04T16:14:54.287+05:30 DEBUG 18052 --- [Starter Project] [           main] o.s.w.s.m.m.a.HttpEntityMethodProcessor  : Writing [AuthResponseDTO[username=diona.smith, status=FAILED, message=Invalid OTP provided., otpRequired=fals (truncated)...]
]]></system-out>
  </testcase>
  <testcase name="testRefreshTokenWithExpiredToken" classname="com.starter.springboot.controller.AuthenticationControllerTest" time="0.039">
    <system-out><![CDATA[2025-12-04T16:14:54.363+05:30 DEBUG 18052 --- [Starter Project] [           main] s.w.s.m.m.a.RequestMappingHandlerMapping : 4 mappings in org.springframework.web.servlet.mvc.method.annotation.RequestMappingHandlerMapping
2025-12-04T16:14:54.365+05:30 DEBUG 18052 --- [Starter Project] [           main] s.w.s.m.m.a.RequestMappingHandlerAdapter : ControllerAdvice beans: 0 @ModelAttribute, 0 @InitBinder, 1 RequestBodyAdvice, 1 ResponseBodyAdvice
2025-12-04T16:14:54.366+05:30  INFO 18052 --- [Starter Project] [           main] o.s.mock.web.MockServletContext          : Initializing Spring TestDispatcherServlet ''
2025-12-04T16:14:54.366+05:30  INFO 18052 --- [Starter Project] [           main] o.s.t.web.servlet.TestDispatcherServlet  : Initializing Servlet ''
2025-12-04T16:14:54.366+05:30  INFO 18052 --- [Starter Project] [           main] o.s.t.web.servlet.TestDispatcherServlet  : Completed initialization in 0 ms
2025-12-04T16:14:54.372+05:30 DEBUG 18052 --- [Starter Project] [           main] s.w.s.m.m.a.RequestMappingHandlerMapping : Mapped to com.starter.springboot.controller.AuthenticationController#refreshToken(RefreshTokenRequestDTO)
2025-12-04T16:14:54.379+05:30 DEBUG 18052 --- [Starter Project] [           main] m.m.a.RequestResponseBodyMethodProcessor : Read "application/json" to [RefreshTokenRequestDTO[refreshToken=expired-refresh-token]]
2025-12-04T16:14:54.388+05:30  WARN 18052 --- [Starter Project] [           main] c.s.s.c.AuthenticationController         : Token refresh failed: Invalid refresh token
2025-12-04T16:14:54.390+05:30 DEBUG 18052 --- [Starter Project] [           main] o.s.w.s.m.m.a.HttpEntityMethodProcessor  : Using 'application/json', given [*/*] and supported [application/json, application/*+json]
2025-12-04T16:14:54.390+05:30 DEBUG 18052 --- [Starter Project] [           main] o.s.w.s.m.m.a.HttpEntityMethodProcessor  : Writing [AuthResponseDTO[username=null, status=FAILED, message=Invalid refresh token, otpRequired=false, toke (truncated)...]
]]></system-out>
  </testcase>
  <testcase name="testGoogleOAuthWithInvalidToken" classname="com.starter.springboot.controller.AuthenticationControllerTest" time="0.031">
    <system-out><![CDATA[2025-12-04T16:14:54.403+05:30 DEBUG 18052 --- [Starter Project] [           main] s.w.s.m.m.a.RequestMappingHandlerMapping : 4 mappings in org.springframework.web.servlet.mvc.method.annotation.RequestMappingHandlerMapping
2025-12-04T16:14:54.404+05:30 DEBUG 18052 --- [Starter Project] [           main] s.w.s.m.m.a.RequestMappingHandlerAdapter : ControllerAdvice beans: 0 @ModelAttribute, 0 @InitBinder, 1 RequestBodyAdvice, 1 ResponseBodyAdvice
2025-12-04T16:14:54.405+05:30  INFO 18052 --- [Starter Project] [           main] o.s.mock.web.MockServletContext          : Initializing Spring TestDispatcherServlet ''
2025-12-04T16:14:54.405+05:30  INFO 18052 --- [Starter Project] [           main] o.s.t.web.servlet.TestDispatcherServlet  : Initializing Servlet ''
2025-12-04T16:14:54.405+05:30  INFO 18052 --- [Starter Project] [           main] o.s.t.web.servlet.TestDispatcherServlet  : Completed initialization in 0 ms
2025-12-04T16:14:54.408+05:30 DEBUG 18052 --- [Starter Project] [           main] s.w.s.m.m.a.RequestMappingHandlerMapping : Mapped to com.starter.springboot.controller.AuthenticationController#googleOAuth(GoogleTokenDTO)
2025-12-04T16:14:54.411+05:30 DEBUG 18052 --- [Starter Project] [           main] m.m.a.RequestResponseBodyMethodProcessor : Read "application/json" to [com.starter.springboot.dto.GoogleTokenDTO@27b8eecb]
2025-12-04T16:14:54.413+05:30  INFO 18052 --- [Starter Project] [           main] c.s.s.c.AuthenticationController         : Google OAuth authentication attempt
2025-12-04T16:14:54.420+05:30  WARN 18052 --- [Starter Project] [           main] c.s.s.c.AuthenticationController         : Google OAuth authentication failed: Invalid ID token
2025-12-04T16:14:54.421+05:30 DEBUG 18052 --- [Starter Project] [           main] o.s.w.s.m.m.a.HttpEntityMethodProcessor  : Using 'application/json', given [*/*] and supported [application/json, application/*+json]
2025-12-04T16:14:54.422+05:30 DEBUG 18052 --- [Starter Project] [           main] o.s.w.s.m.m.a.HttpEntityMethodProcessor  : Writing [AuthResponseDTO[username=null, status=FAILED, message=Invalid Google ID token, otpRequired=false, to (truncated)...]
]]></system-out>
  </testcase>
  <testcase name="testCreateNewGoogleOAuthUserWithoutRememberMe" classname="com.starter.springboot.controller.AuthenticationControllerTest" time="0.036">
    <system-out><![CDATA[2025-12-04T16:14:54.436+05:30 DEBUG 18052 --- [Starter Project] [           main] s.w.s.m.m.a.RequestMappingHandlerMapping : 4 mappings in org.springframework.web.servlet.mvc.method.annotation.RequestMappingHandlerMapping
2025-12-04T16:14:54.438+05:30 DEBUG 18052 --- [Starter Project] [           main] s.w.s.m.m.a.RequestMappingHandlerAdapter : ControllerAdvice beans: 0 @ModelAttribute, 0 @InitBinder, 1 RequestBodyAdvice, 1 ResponseBodyAdvice
2025-12-04T16:14:54.438+05:30  INFO 18052 --- [Starter Project] [           main] o.s.mock.web.MockServletContext          : Initializing Spring TestDispatcherServlet ''
2025-12-04T16:14:54.438+05:30  INFO 18052 --- [Starter Project] [           main] o.s.t.web.servlet.TestDispatcherServlet  : Initializing Servlet ''
2025-12-04T16:14:54.439+05:30  INFO 18052 --- [Starter Project] [           main] o.s.t.web.servlet.TestDispatcherServlet  : Completed initialization in 1 ms
2025-12-04T16:14:54.449+05:30 DEBUG 18052 --- [Starter Project] [           main] s.w.s.m.m.a.RequestMappingHandlerMapping : Mapped to com.starter.springboot.controller.AuthenticationController#googleOAuth(GoogleTokenDTO)
2025-12-04T16:14:54.452+05:30 DEBUG 18052 --- [Starter Project] [           main] m.m.a.RequestResponseBodyMethodProcessor : Read "application/json" to [com.starter.springboot.dto.GoogleTokenDTO@14919b5c]
2025-12-04T16:14:54.455+05:30  INFO 18052 --- [Starter Project] [           main] c.s.s.c.AuthenticationController         : Google OAuth authentication attempt
2025-12-04T16:14:54.456+05:30  INFO 18052 --- [Starter Project] [           main] c.s.s.c.AuthenticationController         : Google OAuth authentication successful for user: newuser@gmail.com
2025-12-04T16:14:54.458+05:30 DEBUG 18052 --- [Starter Project] [           main] o.s.w.s.m.m.a.HttpEntityMethodProcessor  : Using 'application/json', given [*/*] and supported [application/json, application/*+json]
2025-12-04T16:14:54.459+05:30 DEBUG 18052 --- [Starter Project] [           main] o.s.w.s.m.m.a.HttpEntityMethodProcessor  : Writing [AuthResponseDTO[username=newuser@gmail.com, status=SUCCESS, message=Authentication successful, otpRe (truncated)...]
]]></system-out>
  </testcase>
  <testcase name="testGoogleOAuthWithEmptyUserInfo" classname="com.starter.springboot.controller.AuthenticationControllerTest" time="0.021">
    <system-out><![CDATA[2025-12-04T16:14:54.471+05:30 DEBUG 18052 --- [Starter Project] [           main] s.w.s.m.m.a.RequestMappingHandlerMapping : 4 mappings in org.springframework.web.servlet.mvc.method.annotation.RequestMappingHandlerMapping
2025-12-04T16:14:54.473+05:30 DEBUG 18052 --- [Starter Project] [           main] s.w.s.m.m.a.RequestMappingHandlerAdapter : ControllerAdvice beans: 0 @ModelAttribute, 0 @InitBinder, 1 RequestBodyAdvice, 1 ResponseBodyAdvice
2025-12-04T16:14:54.473+05:30  INFO 18052 --- [Starter Project] [           main] o.s.mock.web.MockServletContext          : Initializing Spring TestDispatcherServlet ''
2025-12-04T16:14:54.473+05:30  INFO 18052 --- [Starter Project] [           main] o.s.t.web.servlet.TestDispatcherServlet  : Initializing Servlet ''
2025-12-04T16:14:54.474+05:30  INFO 18052 --- [Starter Project] [           main] o.s.t.web.servlet.TestDispatcherServlet  : Completed initialization in 1 ms
2025-12-04T16:14:54.476+05:30 DEBUG 18052 --- [Starter Project] [           main] s.w.s.m.m.a.RequestMappingHandlerMapping : Mapped to com.starter.springboot.controller.AuthenticationController#googleOAuth(GoogleTokenDTO)
2025-12-04T16:14:54.478+05:30 DEBUG 18052 --- [Starter Project] [           main] m.m.a.RequestResponseBodyMethodProcessor : Read "application/json" to [com.starter.springboot.dto.GoogleTokenDTO@68fa9450]
2025-12-04T16:14:54.479+05:30  INFO 18052 --- [Starter Project] [           main] c.s.s.c.AuthenticationController         : Google OAuth authentication attempt
2025-12-04T16:14:54.480+05:30  WARN 18052 --- [Starter Project] [           main] c.s.s.c.AuthenticationController         : Google OAuth authentication failed: Invalid ID token
2025-12-04T16:14:54.482+05:30 DEBUG 18052 --- [Starter Project] [           main] o.s.w.s.m.m.a.HttpEntityMethodProcessor  : Using 'application/json', given [*/*] and supported [application/json, application/*+json]
2025-12-04T16:14:54.482+05:30 DEBUG 18052 --- [Starter Project] [           main] o.s.w.s.m.m.a.HttpEntityMethodProcessor  : Writing [AuthResponseDTO[username=null, status=FAILED, message=Invalid Google ID token, otpRequired=false, to (truncated)...]
]]></system-out>
  </testcase>
  <testcase name="testAuthenticationExceptionHandling" classname="com.starter.springboot.controller.AuthenticationControllerTest" time="0.023">
    <system-out><![CDATA[2025-12-04T16:14:54.493+05:30 DEBUG 18052 --- [Starter Project] [           main] s.w.s.m.m.a.RequestMappingHandlerMapping : 4 mappings in org.springframework.web.servlet.mvc.method.annotation.RequestMappingHandlerMapping
2025-12-04T16:14:54.495+05:30 DEBUG 18052 --- [Starter Project] [           main] s.w.s.m.m.a.RequestMappingHandlerAdapter : ControllerAdvice beans: 0 @ModelAttribute, 0 @InitBinder, 1 RequestBodyAdvice, 1 ResponseBodyAdvice
2025-12-04T16:14:54.495+05:30  INFO 18052 --- [Starter Project] [           main] o.s.mock.web.MockServletContext          : Initializing Spring TestDispatcherServlet ''
2025-12-04T16:14:54.495+05:30  INFO 18052 --- [Starter Project] [           main] o.s.t.web.servlet.TestDispatcherServlet  : Initializing Servlet ''
2025-12-04T16:14:54.495+05:30  INFO 18052 --- [Starter Project] [           main] o.s.t.web.servlet.TestDispatcherServlet  : Completed initialization in 0 ms
2025-12-04T16:14:54.499+05:30 DEBUG 18052 --- [Starter Project] [           main] s.w.s.m.m.a.RequestMappingHandlerMapping : Mapped to com.starter.springboot.controller.AuthenticationController#authorize(LoginDTO)
2025-12-04T16:14:54.500+05:30 DEBUG 18052 --- [Starter Project] [           main] m.m.a.RequestResponseBodyMethodProcessor : Read "application/json" to [com.starter.springboot.dto.LoginDTO@7ffc28de]
2025-12-04T16:14:54.503+05:30  INFO 18052 --- [Starter Project] [           main] c.s.s.c.AuthenticationController         : Authentication attempt for user: diona.smith
2025-12-04T16:14:54.504+05:30  WARN 18052 --- [Starter Project] [           main] c.s.s.c.AuthenticationController         : Authentication failed for user: diona.smith: Account locked
2025-12-04T16:14:54.505+05:30 DEBUG 18052 --- [Starter Project] [           main] o.s.w.s.m.m.a.HttpEntityMethodProcessor  : Using 'application/json', given [*/*] and supported [application/json, application/*+json]
2025-12-04T16:14:54.506+05:30 DEBUG 18052 --- [Starter Project] [           main] o.s.w.s.m.m.a.HttpEntityMethodProcessor  : Writing [AuthResponseDTO[username=diona.smith, status=FAILED, message=Account locked, otpRequired=false, toke (truncated)...]
]]></system-out>
  </testcase>
  <testcase name="testInvalidUsernameOrPassword" classname="com.starter.springboot.controller.AuthenticationControllerTest" time="0.023">
    <system-out><![CDATA[2025-12-04T16:14:54.517+05:30 DEBUG 18052 --- [Starter Project] [           main] s.w.s.m.m.a.RequestMappingHandlerMapping : 4 mappings in org.springframework.web.servlet.mvc.method.annotation.RequestMappingHandlerMapping
2025-12-04T16:14:54.518+05:30 DEBUG 18052 --- [Starter Project] [           main] s.w.s.m.m.a.RequestMappingHandlerAdapter : ControllerAdvice beans: 0 @ModelAttribute, 0 @InitBinder, 1 RequestBodyAdvice, 1 ResponseBodyAdvice
2025-12-04T16:14:54.519+05:30  INFO 18052 --- [Starter Project] [           main] o.s.mock.web.MockServletContext          : Initializing Spring TestDispatcherServlet ''
2025-12-04T16:14:54.519+05:30  INFO 18052 --- [Starter Project] [           main] o.s.t.web.servlet.TestDispatcherServlet  : Initializing Servlet ''
2025-12-04T16:14:54.519+05:30  INFO 18052 --- [Starter Project] [           main] o.s.t.web.servlet.TestDispatcherServlet  : Completed initialization in 0 ms
2025-12-04T16:14:54.521+05:30 DEBUG 18052 --- [Starter Project] [           main] s.w.s.m.m.a.RequestMappingHandlerMapping : Mapped to com.starter.springboot.controller.AuthenticationController#authorize(LoginDTO)
2025-12-04T16:14:54.523+05:30 DEBUG 18052 --- [Starter Project] [           main] m.m.a.RequestResponseBodyMethodProcessor : Read "application/json" to [com.starter.springboot.dto.LoginDTO@6377ec2a]
2025-12-04T16:14:54.526+05:30  INFO 18052 --- [Starter Project] [           main] c.s.s.c.AuthenticationController         : Authentication attempt for user: diona.smith
2025-12-04T16:14:54.527+05:30  WARN 18052 --- [Starter Project] [           main] c.s.s.c.AuthenticationController         : Authentication failed for user: diona.smith due to bad credentials
2025-12-04T16:14:54.529+05:30 DEBUG 18052 --- [Starter Project] [           main] o.s.w.s.m.m.a.HttpEntityMethodProcessor  : Using 'application/json', given [*/*] and supported [application/json, application/*+json]
2025-12-04T16:14:54.529+05:30 DEBUG 18052 --- [Starter Project] [           main] o.s.w.s.m.m.a.HttpEntityMethodProcessor  : Writing [AuthResponseDTO[username=diona.smith, status=FAILED, message=Invalid credentials, otpRequired=false, (truncated)...]
]]></system-out>
  </testcase>
  <testcase name="testTokenRotationDuringRefresh" classname="com.starter.springboot.controller.AuthenticationControllerTest" time="0.029">
    <system-out><![CDATA[2025-12-04T16:14:54.540+05:30 DEBUG 18052 --- [Starter Project] [           main] s.w.s.m.m.a.RequestMappingHandlerMapping : 4 mappings in org.springframework.web.servlet.mvc.method.annotation.RequestMappingHandlerMapping
2025-12-04T16:14:54.543+05:30 DEBUG 18052 --- [Starter Project] [           main] s.w.s.m.m.a.RequestMappingHandlerAdapter : ControllerAdvice beans: 0 @ModelAttribute, 0 @InitBinder, 1 RequestBodyAdvice, 1 ResponseBodyAdvice
2025-12-04T16:14:54.544+05:30  INFO 18052 --- [Starter Project] [           main] o.s.mock.web.MockServletContext          : Initializing Spring TestDispatcherServlet ''
2025-12-04T16:14:54.544+05:30  INFO 18052 --- [Starter Project] [           main] o.s.t.web.servlet.TestDispatcherServlet  : Initializing Servlet ''
2025-12-04T16:14:54.544+05:30  INFO 18052 --- [Starter Project] [           main] o.s.t.web.servlet.TestDispatcherServlet  : Completed initialization in 0 ms
2025-12-04T16:14:54.548+05:30 DEBUG 18052 --- [Starter Project] [           main] s.w.s.m.m.a.RequestMappingHandlerMapping : Mapped to com.starter.springboot.controller.AuthenticationController#refreshToken(RefreshTokenRequestDTO)
2025-12-04T16:14:54.550+05:30 DEBUG 18052 --- [Starter Project] [           main] m.m.a.RequestResponseBodyMethodProcessor : Read "application/json" to [RefreshTokenRequestDTO[refreshToken=old-refresh-token-value]]
2025-12-04T16:14:54.555+05:30  INFO 18052 --- [Starter Project] [           main] c.s.s.c.AuthenticationController         : Token refreshed successfully for user: testuser
2025-12-04T16:14:54.557+05:30 DEBUG 18052 --- [Starter Project] [           main] o.s.w.s.m.m.a.HttpEntityMethodProcessor  : Using 'application/json', given [*/*] and supported [application/json, application/*+json]
2025-12-04T16:14:54.558+05:30 DEBUG 18052 --- [Starter Project] [           main] o.s.w.s.m.m.a.HttpEntityMethodProcessor  : Writing [AuthResponseDTO[username=testuser, status=SUCCESS, message=Authentication successful, otpRequired=fa (truncated)...]
]]></system-out>
  </testcase>
  <testcase name="testAuthenticationRequiresOtp" classname="com.starter.springboot.controller.AuthenticationControllerTest" time="0.025">
    <system-out><![CDATA[2025-12-04T16:14:54.569+05:30 DEBUG 18052 --- [Starter Project] [           main] s.w.s.m.m.a.RequestMappingHandlerMapping : 4 mappings in org.springframework.web.servlet.mvc.method.annotation.RequestMappingHandlerMapping
2025-12-04T16:14:54.571+05:30 DEBUG 18052 --- [Starter Project] [           main] s.w.s.m.m.a.RequestMappingHandlerAdapter : ControllerAdvice beans: 0 @ModelAttribute, 0 @InitBinder, 1 RequestBodyAdvice, 1 ResponseBodyAdvice
2025-12-04T16:14:54.571+05:30  INFO 18052 --- [Starter Project] [           main] o.s.mock.web.MockServletContext          : Initializing Spring TestDispatcherServlet ''
2025-12-04T16:14:54.571+05:30  INFO 18052 --- [Starter Project] [           main] o.s.t.web.servlet.TestDispatcherServlet  : Initializing Servlet ''
2025-12-04T16:14:54.572+05:30  INFO 18052 --- [Starter Project] [           main] o.s.t.web.servlet.TestDispatcherServlet  : Completed initialization in 0 ms
2025-12-04T16:14:54.575+05:30 DEBUG 18052 --- [Starter Project] [           main] s.w.s.m.m.a.RequestMappingHandlerMapping : Mapped to com.starter.springboot.controller.AuthenticationController#authorize(LoginDTO)
2025-12-04T16:14:54.577+05:30 DEBUG 18052 --- [Starter Project] [           main] m.m.a.RequestResponseBodyMethodProcessor : Read "application/json" to [com.starter.springboot.dto.LoginDTO@9ed1f3f]
2025-12-04T16:14:54.582+05:30  INFO 18052 --- [Starter Project] [           main] c.s.s.c.AuthenticationController         : Authentication attempt for user: diona.smith
2025-12-04T16:14:54.582+05:30  INFO 18052 --- [Starter Project] [           main] c.s.s.c.AuthenticationController         : Authentication completed for user: diona.smith
2025-12-04T16:14:54.585+05:30 DEBUG 18052 --- [Starter Project] [           main] o.s.w.s.m.m.a.HttpEntityMethodProcessor  : Using 'application/json', given [*/*] and supported [application/json, application/*+json]
2025-12-04T16:14:54.585+05:30 DEBUG 18052 --- [Starter Project] [           main] o.s.w.s.m.m.a.HttpEntityMethodProcessor  : Writing [AuthResponseDTO[username=diona.smith, status=OTP_PENDING, message=OTP required for authentication, o (truncated)...]
]]></system-out>
  </testcase>
  <testcase name="testRefreshTokenWithServiceException" classname="com.starter.springboot.controller.AuthenticationControllerTest" time="0.022">
    <system-out><![CDATA[2025-12-04T16:14:54.598+05:30 DEBUG 18052 --- [Starter Project] [           main] s.w.s.m.m.a.RequestMappingHandlerMapping : 4 mappings in org.springframework.web.servlet.mvc.method.annotation.RequestMappingHandlerMapping
2025-12-04T16:14:54.599+05:30 DEBUG 18052 --- [Starter Project] [           main] s.w.s.m.m.a.RequestMappingHandlerAdapter : ControllerAdvice beans: 0 @ModelAttribute, 0 @InitBinder, 1 RequestBodyAdvice, 1 ResponseBodyAdvice
2025-12-04T16:14:54.600+05:30  INFO 18052 --- [Starter Project] [           main] o.s.mock.web.MockServletContext          : Initializing Spring TestDispatcherServlet ''
2025-12-04T16:14:54.600+05:30  INFO 18052 --- [Starter Project] [           main] o.s.t.web.servlet.TestDispatcherServlet  : Initializing Servlet ''
2025-12-04T16:14:54.600+05:30  INFO 18052 --- [Starter Project] [           main] o.s.t.web.servlet.TestDispatcherServlet  : Completed initialization in 0 ms
2025-12-04T16:14:54.603+05:30 DEBUG 18052 --- [Starter Project] [           main] s.w.s.m.m.a.RequestMappingHandlerMapping : Mapped to com.starter.springboot.controller.AuthenticationController#refreshToken(RefreshTokenRequestDTO)
2025-12-04T16:14:54.604+05:30 DEBUG 18052 --- [Starter Project] [           main] m.m.a.RequestResponseBodyMethodProcessor : Read "application/json" to [RefreshTokenRequestDTO[refreshToken=problematic-token]]
2025-12-04T16:14:54.607+05:30  WARN 18052 --- [Starter Project] [           main] c.s.s.c.AuthenticationController         : Token refresh failed: Database error
2025-12-04T16:14:54.609+05:30 DEBUG 18052 --- [Starter Project] [           main] o.s.w.s.m.m.a.HttpEntityMethodProcessor  : Using 'application/json', given [*/*] and supported [application/json, application/*+json]
2025-12-04T16:14:54.609+05:30 DEBUG 18052 --- [Starter Project] [           main] o.s.w.s.m.m.a.HttpEntityMethodProcessor  : Writing [AuthResponseDTO[username=null, status=FAILED, message=Invalid refresh token, otpRequired=false, toke (truncated)...]
]]></system-out>
  </testcase>
  <testcase name="testSuccessfulOtpVerification" classname="com.starter.springboot.controller.AuthenticationControllerTest" time="0.023">
    <system-out><![CDATA[2025-12-04T16:14:54.621+05:30 DEBUG 18052 --- [Starter Project] [           main] s.w.s.m.m.a.RequestMappingHandlerMapping : 4 mappings in org.springframework.web.servlet.mvc.method.annotation.RequestMappingHandlerMapping
2025-12-04T16:14:54.622+05:30 DEBUG 18052 --- [Starter Project] [           main] s.w.s.m.m.a.RequestMappingHandlerAdapter : ControllerAdvice beans: 0 @ModelAttribute, 0 @InitBinder, 1 RequestBodyAdvice, 1 ResponseBodyAdvice
2025-12-04T16:14:54.623+05:30  INFO 18052 --- [Starter Project] [           main] o.s.mock.web.MockServletContext          : Initializing Spring TestDispatcherServlet ''
2025-12-04T16:14:54.623+05:30  INFO 18052 --- [Starter Project] [           main] o.s.t.web.servlet.TestDispatcherServlet  : Initializing Servlet ''
2025-12-04T16:14:54.623+05:30  INFO 18052 --- [Starter Project] [           main] o.s.t.web.servlet.TestDispatcherServlet  : Completed initialization in 0 ms
2025-12-04T16:14:54.625+05:30 DEBUG 18052 --- [Starter Project] [           main] s.w.s.m.m.a.RequestMappingHandlerMapping : Mapped to com.starter.springboot.controller.AuthenticationController#verifyOtp(VerifyTokenRequestDTO)
2025-12-04T16:14:54.627+05:30 DEBUG 18052 --- [Starter Project] [           main] m.m.a.RequestResponseBodyMethodProcessor : Read "application/json" to [com.starter.springboot.dto.VerifyTokenRequestDTO@335c77fe]
2025-12-04T16:14:54.630+05:30  INFO 18052 --- [Starter Project] [           main] c.s.s.c.AuthenticationController         : OTP verified successfully for user: diona.smith
2025-12-04T16:14:54.631+05:30 DEBUG 18052 --- [Starter Project] [           main] o.s.w.s.m.m.a.HttpEntityMethodProcessor  : Using 'application/json', given [*/*] and supported [application/json, application/*+json]
2025-12-04T16:14:54.631+05:30 DEBUG 18052 --- [Starter Project] [           main] o.s.w.s.m.m.a.HttpEntityMethodProcessor  : Writing [AuthResponseDTO[username=diona.smith, status=SUCCESS, message=Authentication successful, otpRequired (truncated)...]
]]></system-out>
  </testcase>
  <testcase name="testRefreshTokenWithMissingToken" classname="com.starter.springboot.controller.AuthenticationControllerTest" time="0.019">
    <system-out><![CDATA[2025-12-04T16:14:54.643+05:30 DEBUG 18052 --- [Starter Project] [           main] s.w.s.m.m.a.RequestMappingHandlerMapping : 4 mappings in org.springframework.web.servlet.mvc.method.annotation.RequestMappingHandlerMapping
2025-12-04T16:14:54.645+05:30 DEBUG 18052 --- [Starter Project] [           main] s.w.s.m.m.a.RequestMappingHandlerAdapter : ControllerAdvice beans: 0 @ModelAttribute, 0 @InitBinder, 1 RequestBodyAdvice, 1 ResponseBodyAdvice
2025-12-04T16:14:54.645+05:30  INFO 18052 --- [Starter Project] [           main] o.s.mock.web.MockServletContext          : Initializing Spring TestDispatcherServlet ''
2025-12-04T16:14:54.645+05:30  INFO 18052 --- [Starter Project] [           main] o.s.t.web.servlet.TestDispatcherServlet  : Initializing Servlet ''
2025-12-04T16:14:54.646+05:30  INFO 18052 --- [Starter Project] [           main] o.s.t.web.servlet.TestDispatcherServlet  : Completed initialization in 1 ms
2025-12-04T16:14:54.648+05:30 DEBUG 18052 --- [Starter Project] [           main] s.w.s.m.m.a.RequestMappingHandlerMapping : Mapped to com.starter.springboot.controller.AuthenticationController#refreshToken(RefreshTokenRequestDTO)
2025-12-04T16:14:54.649+05:30 DEBUG 18052 --- [Starter Project] [           main] m.m.a.RequestResponseBodyMethodProcessor : Read "application/json" to [RefreshTokenRequestDTO[refreshToken=null]]
2025-12-04T16:14:54.653+05:30  WARN 18052 --- [Starter Project] [           main] .w.s.m.s.DefaultHandlerExceptionResolver : Resolved [org.springframework.web.bind.MethodArgumentNotValidException: Validation failed for argument [0] in public org.springframework.http.ResponseEntity<com.starter.springboot.dto.AuthResponseDTO> com.starter.springboot.controller.AuthenticationController.refreshToken(com.starter.springboot.dto.RefreshTokenRequestDTO): [Field error in object 'refreshTokenRequestDTO' on field 'refreshToken': rejected value [null]; codes [NotBlank.refreshTokenRequestDTO.refreshToken,NotBlank.refreshToken,NotBlank.java.lang.String,NotBlank]; arguments [org.springframework.context.support.DefaultMessageSourceResolvable: codes [refreshTokenRequestDTO.refreshToken,refreshToken]; arguments []; default message [refreshToken]]; default message [This field cannot be blank]] ]
]]></system-out>
  </testcase>
  <testcase name="testSuccessfulAuthenticationWithoutOtp" classname="com.starter.springboot.controller.AuthenticationControllerTest" time="0.027">
    <system-out><![CDATA[2025-12-04T16:14:54.663+05:30 DEBUG 18052 --- [Starter Project] [           main] s.w.s.m.m.a.RequestMappingHandlerMapping : 4 mappings in org.springframework.web.servlet.mvc.method.annotation.RequestMappingHandlerMapping
2025-12-04T16:14:54.664+05:30 DEBUG 18052 --- [Starter Project] [           main] s.w.s.m.m.a.RequestMappingHandlerAdapter : ControllerAdvice beans: 0 @ModelAttribute, 0 @InitBinder, 1 RequestBodyAdvice, 1 ResponseBodyAdvice
2025-12-04T16:14:54.665+05:30  INFO 18052 --- [Starter Project] [           main] o.s.mock.web.MockServletContext          : Initializing Spring TestDispatcherServlet ''
2025-12-04T16:14:54.665+05:30  INFO 18052 --- [Starter Project] [           main] o.s.t.web.servlet.TestDispatcherServlet  : Initializing Servlet ''
2025-12-04T16:14:54.665+05:30  INFO 18052 --- [Starter Project] [           main] o.s.t.web.servlet.TestDispatcherServlet  : Completed initialization in 0 ms
2025-12-04T16:14:54.668+05:30 DEBUG 18052 --- [Starter Project] [           main] s.w.s.m.m.a.RequestMappingHandlerMapping : Mapped to com.starter.springboot.controller.AuthenticationController#authorize(LoginDTO)
2025-12-04T16:14:54.670+05:30 DEBUG 18052 --- [Starter Project] [           main] m.m.a.RequestResponseBodyMethodProcessor : Read "application/json" to [com.starter.springboot.dto.LoginDTO@6700ec4e]
2025-12-04T16:14:54.674+05:30  INFO 18052 --- [Starter Project] [           main] c.s.s.c.AuthenticationController         : Authentication attempt for user: diona.smith
2025-12-04T16:14:54.675+05:30  INFO 18052 --- [Starter Project] [           main] c.s.s.c.AuthenticationController         : Authentication completed for user: diona.smith
2025-12-04T16:14:54.677+05:30 DEBUG 18052 --- [Starter Project] [           main] o.s.w.s.m.m.a.HttpEntityMethodProcessor  : Using 'application/json', given [*/*] and supported [application/json, application/*+json]
2025-12-04T16:14:54.678+05:30 DEBUG 18052 --- [Starter Project] [           main] o.s.w.s.m.m.a.HttpEntityMethodProcessor  : Writing [AuthResponseDTO[username=diona.smith, status=SUCCESS, message=null, otpRequired=false, token=com.sta (truncated)...]
]]></system-out>
  </testcase>
  <testcase name="testSuccessfulTokenRefresh" classname="com.starter.springboot.controller.AuthenticationControllerTest" time="0.043">
    <system-out><![CDATA[2025-12-04T16:14:54.696+05:30 DEBUG 18052 --- [Starter Project] [           main] s.w.s.m.m.a.RequestMappingHandlerMapping : 4 mappings in org.springframework.web.servlet.mvc.method.annotation.RequestMappingHandlerMapping
2025-12-04T16:14:54.698+05:30 DEBUG 18052 --- [Starter Project] [           main] s.w.s.m.m.a.RequestMappingHandlerAdapter : ControllerAdvice beans: 0 @ModelAttribute, 0 @InitBinder, 1 RequestBodyAdvice, 1 ResponseBodyAdvice
2025-12-04T16:14:54.698+05:30  INFO 18052 --- [Starter Project] [           main] o.s.mock.web.MockServletContext          : Initializing Spring TestDispatcherServlet ''
2025-12-04T16:14:54.698+05:30  INFO 18052 --- [Starter Project] [           main] o.s.t.web.servlet.TestDispatcherServlet  : Initializing Servlet ''
2025-12-04T16:14:54.698+05:30  INFO 18052 --- [Starter Project] [           main] o.s.t.web.servlet.TestDispatcherServlet  : Completed initialization in 0 ms
2025-12-04T16:14:54.702+05:30 DEBUG 18052 --- [Starter Project] [           main] s.w.s.m.m.a.RequestMappingHandlerMapping : Mapped to com.starter.springboot.controller.AuthenticationController#refreshToken(RefreshTokenRequestDTO)
2025-12-04T16:14:54.704+05:30 DEBUG 18052 --- [Starter Project] [           main] m.m.a.RequestResponseBodyMethodProcessor : Read "application/json" to [RefreshTokenRequestDTO[refreshToken=old-refresh-token-value]]
2025-12-04T16:14:54.710+05:30  INFO 18052 --- [Starter Project] [           main] c.s.s.c.AuthenticationController         : Token refreshed successfully for user: diona.smith
2025-12-04T16:14:54.714+05:30 DEBUG 18052 --- [Starter Project] [           main] o.s.w.s.m.m.a.HttpEntityMethodProcessor  : Using 'application/json', given [*/*] and supported [application/json, application/*+json]
2025-12-04T16:14:54.721+05:30 DEBUG 18052 --- [Starter Project] [           main] o.s.w.s.m.m.a.HttpEntityMethodProcessor  : Writing [AuthResponseDTO[username=diona.smith, status=SUCCESS, message=Authentication successful, otpRequired (truncated)...]
]]></system-out>
  </testcase>
  <testcase name="testGoogleOAuthLinkingExistingUser" classname="com.starter.springboot.controller.AuthenticationControllerTest" time="0.043">
    <system-out><![CDATA[2025-12-04T16:14:54.741+05:30 DEBUG 18052 --- [Starter Project] [           main] s.w.s.m.m.a.RequestMappingHandlerMapping : 4 mappings in org.springframework.web.servlet.mvc.method.annotation.RequestMappingHandlerMapping
2025-12-04T16:14:54.747+05:30 DEBUG 18052 --- [Starter Project] [           main] s.w.s.m.m.a.RequestMappingHandlerAdapter : ControllerAdvice beans: 0 @ModelAttribute, 0 @InitBinder, 1 RequestBodyAdvice, 1 ResponseBodyAdvice
2025-12-04T16:14:54.748+05:30  INFO 18052 --- [Starter Project] [           main] o.s.mock.web.MockServletContext          : Initializing Spring TestDispatcherServlet ''
2025-12-04T16:14:54.749+05:30  INFO 18052 --- [Starter Project] [           main] o.s.t.web.servlet.TestDispatcherServlet  : Initializing Servlet ''
2025-12-04T16:14:54.750+05:30  INFO 18052 --- [Starter Project] [           main] o.s.t.web.servlet.TestDispatcherServlet  : Completed initialization in 0 ms
2025-12-04T16:14:54.754+05:30 DEBUG 18052 --- [Starter Project] [           main] s.w.s.m.m.a.RequestMappingHandlerMapping : Mapped to com.starter.springboot.controller.AuthenticationController#googleOAuth(GoogleTokenDTO)
2025-12-04T16:14:54.756+05:30 DEBUG 18052 --- [Starter Project] [           main] m.m.a.RequestResponseBodyMethodProcessor : Read "application/json" to [com.starter.springboot.dto.GoogleTokenDTO@4eee43a]
2025-12-04T16:14:54.761+05:30  INFO 18052 --- [Starter Project] [           main] c.s.s.c.AuthenticationController         : Google OAuth authentication attempt
2025-12-04T16:14:54.763+05:30  INFO 18052 --- [Starter Project] [           main] c.s.s.c.AuthenticationController         : Google OAuth authentication successful for user: existing@gmail.com
2025-12-04T16:14:54.765+05:30 DEBUG 18052 --- [Starter Project] [           main] o.s.w.s.m.m.a.HttpEntityMethodProcessor  : Using 'application/json', given [*/*] and supported [application/json, application/*+json]
2025-12-04T16:14:54.766+05:30 DEBUG 18052 --- [Starter Project] [           main] o.s.w.s.m.m.a.HttpEntityMethodProcessor  : Writing [AuthResponseDTO[username=existing@gmail.com, status=SUCCESS, message=Authentication successful, otpR (truncated)...]
]]></system-out>
  </testcase>
  <testcase name="testOtpRequiredExceptionHandling" classname="com.starter.springboot.controller.AuthenticationControllerTest" time="0.044">
    <system-out><![CDATA[2025-12-04T16:14:54.787+05:30 DEBUG 18052 --- [Starter Project] [           main] s.w.s.m.m.a.RequestMappingHandlerMapping : 4 mappings in org.springframework.web.servlet.mvc.method.annotation.RequestMappingHandlerMapping
2025-12-04T16:14:54.791+05:30 DEBUG 18052 --- [Starter Project] [           main] s.w.s.m.m.a.RequestMappingHandlerAdapter : ControllerAdvice beans: 0 @ModelAttribute, 0 @InitBinder, 1 RequestBodyAdvice, 1 ResponseBodyAdvice
2025-12-04T16:14:54.793+05:30  INFO 18052 --- [Starter Project] [           main] o.s.mock.web.MockServletContext          : Initializing Spring TestDispatcherServlet ''
2025-12-04T16:14:54.793+05:30  INFO 18052 --- [Starter Project] [           main] o.s.t.web.servlet.TestDispatcherServlet  : Initializing Servlet ''
2025-12-04T16:14:54.796+05:30  INFO 18052 --- [Starter Project] [           main] o.s.t.web.servlet.TestDispatcherServlet  : Completed initialization in 2 ms
2025-12-04T16:14:54.803+05:30 DEBUG 18052 --- [Starter Project] [           main] s.w.s.m.m.a.RequestMappingHandlerMapping : Mapped to com.starter.springboot.controller.AuthenticationController#authorize(LoginDTO)
2025-12-04T16:14:54.806+05:30 DEBUG 18052 --- [Starter Project] [           main] m.m.a.RequestResponseBodyMethodProcessor : Read "application/json" to [com.starter.springboot.dto.LoginDTO@75f735ff]
2025-12-04T16:14:54.819+05:30  INFO 18052 --- [Starter Project] [           main] c.s.s.c.AuthenticationController         : Authentication attempt for user: diona.smith
2025-12-04T16:14:54.820+05:30  INFO 18052 --- [Starter Project] [           main] c.s.s.c.AuthenticationController         : OTP required for user: diona.smith
]]></system-out>
  </testcase>
  <testcase name="testGoogleOAuthWithMissingToken" classname="com.starter.springboot.controller.AuthenticationControllerTest" time="0.021">
    <system-out><![CDATA[2025-12-04T16:14:54.834+05:30 DEBUG 18052 --- [Starter Project] [           main] s.w.s.m.m.a.RequestMappingHandlerMapping : 4 mappings in org.springframework.web.servlet.mvc.method.annotation.RequestMappingHandlerMapping
2025-12-04T16:14:54.836+05:30 DEBUG 18052 --- [Starter Project] [           main] s.w.s.m.m.a.RequestMappingHandlerAdapter : ControllerAdvice beans: 0 @ModelAttribute, 0 @InitBinder, 1 RequestBodyAdvice, 1 ResponseBodyAdvice
2025-12-04T16:14:54.836+05:30  INFO 18052 --- [Starter Project] [           main] o.s.mock.web.MockServletContext          : Initializing Spring TestDispatcherServlet ''
2025-12-04T16:14:54.836+05:30  INFO 18052 --- [Starter Project] [           main] o.s.t.web.servlet.TestDispatcherServlet  : Initializing Servlet ''
2025-12-04T16:14:54.837+05:30  INFO 18052 --- [Starter Project] [           main] o.s.t.web.servlet.TestDispatcherServlet  : Completed initialization in 1 ms
2025-12-04T16:14:54.838+05:30 DEBUG 18052 --- [Starter Project] [           main] s.w.s.m.m.a.RequestMappingHandlerMapping : Mapped to com.starter.springboot.controller.AuthenticationController#googleOAuth(GoogleTokenDTO)
2025-12-04T16:14:54.840+05:30 DEBUG 18052 --- [Starter Project] [           main] m.m.a.RequestResponseBodyMethodProcessor : Read "application/json" to [com.starter.springboot.dto.GoogleTokenDTO@6a6beec0]
2025-12-04T16:14:54.843+05:30  WARN 18052 --- [Starter Project] [           main] .w.s.m.s.DefaultHandlerExceptionResolver : Resolved [org.springframework.web.bind.MethodArgumentNotValidException: Validation failed for argument [0] in public org.springframework.http.ResponseEntity<com.starter.springboot.dto.AuthResponseDTO> com.starter.springboot.controller.AuthenticationController.googleOAuth(com.starter.springboot.dto.GoogleTokenDTO): [Field error in object 'googleTokenDTO' on field 'idToken': rejected value [null]; codes [NotNull.googleTokenDTO.idToken,NotNull.idToken,NotNull.java.lang.String,NotNull]; arguments [org.springframework.context.support.DefaultMessageSourceResolvable: codes [googleTokenDTO.idToken,idToken]; arguments []; default message [idToken]]; default message [This field is required]] ]
]]></system-out>
  </testcase>
  <testcase name="testSuccessfulGoogleOAuthAuthentication" classname="com.starter.springboot.controller.AuthenticationControllerTest" time="0.062">
    <system-out><![CDATA[2025-12-04T16:14:54.854+05:30 DEBUG 18052 --- [Starter Project] [           main] s.w.s.m.m.a.RequestMappingHandlerMapping : 4 mappings in org.springframework.web.servlet.mvc.method.annotation.RequestMappingHandlerMapping
2025-12-04T16:14:54.856+05:30 DEBUG 18052 --- [Starter Project] [           main] s.w.s.m.m.a.RequestMappingHandlerAdapter : ControllerAdvice beans: 0 @ModelAttribute, 0 @InitBinder, 1 RequestBodyAdvice, 1 ResponseBodyAdvice
2025-12-04T16:14:54.857+05:30  INFO 18052 --- [Starter Project] [           main] o.s.mock.web.MockServletContext          : Initializing Spring TestDispatcherServlet ''
2025-12-04T16:14:54.857+05:30  INFO 18052 --- [Starter Project] [           main] o.s.t.web.servlet.TestDispatcherServlet  : Initializing Servlet ''
2025-12-04T16:14:54.857+05:30  INFO 18052 --- [Starter Project] [           main] o.s.t.web.servlet.TestDispatcherServlet  : Completed initialization in 0 ms
2025-12-04T16:14:54.868+05:30 DEBUG 18052 --- [Starter Project] [           main] s.w.s.m.m.a.RequestMappingHandlerMapping : Mapped to com.starter.springboot.controller.AuthenticationController#googleOAuth(GoogleTokenDTO)
2025-12-04T16:14:54.896+05:30 DEBUG 18052 --- [Starter Project] [           main] m.m.a.RequestResponseBodyMethodProcessor : Read "application/json" to [com.starter.springboot.dto.GoogleTokenDTO@75a5fe82]
2025-12-04T16:14:54.900+05:30  INFO 18052 --- [Starter Project] [           main] c.s.s.c.AuthenticationController         : Google OAuth authentication attempt
2025-12-04T16:14:54.901+05:30  INFO 18052 --- [Starter Project] [           main] c.s.s.c.AuthenticationController         : Google OAuth authentication successful for user: user@gmail.com
2025-12-04T16:14:54.903+05:30 DEBUG 18052 --- [Starter Project] [           main] o.s.w.s.m.m.a.HttpEntityMethodProcessor  : Using 'application/json', given [*/*] and supported [application/json, application/*+json]
2025-12-04T16:14:54.903+05:30 DEBUG 18052 --- [Starter Project] [           main] o.s.w.s.m.m.a.HttpEntityMethodProcessor  : Writing [AuthResponseDTO[username=user@gmail.com, status=SUCCESS, message=Authentication successful, otpRequi (truncated)...]
]]></system-out>
  </testcase>
  <testcase name="testRefreshTokenWithInvalidToken" classname="com.starter.springboot.controller.AuthenticationControllerTest" time="0.031">
    <system-out><![CDATA[2025-12-04T16:14:54.921+05:30 DEBUG 18052 --- [Starter Project] [           main] s.w.s.m.m.a.RequestMappingHandlerMapping : 4 mappings in org.springframework.web.servlet.mvc.method.annotation.RequestMappingHandlerMapping
2025-12-04T16:14:54.927+05:30 DEBUG 18052 --- [Starter Project] [           main] s.w.s.m.m.a.RequestMappingHandlerAdapter : ControllerAdvice beans: 0 @ModelAttribute, 0 @InitBinder, 1 RequestBodyAdvice, 1 ResponseBodyAdvice
2025-12-04T16:14:54.927+05:30  INFO 18052 --- [Starter Project] [           main] o.s.mock.web.MockServletContext          : Initializing Spring TestDispatcherServlet ''
2025-12-04T16:14:54.927+05:30  INFO 18052 --- [Starter Project] [           main] o.s.t.web.servlet.TestDispatcherServlet  : Initializing Servlet ''
2025-12-04T16:14:54.928+05:30  INFO 18052 --- [Starter Project] [           main] o.s.t.web.servlet.TestDispatcherServlet  : Completed initialization in 1 ms
2025-12-04T16:14:54.931+05:30 DEBUG 18052 --- [Starter Project] [           main] s.w.s.m.m.a.RequestMappingHandlerMapping : Mapped to com.starter.springboot.controller.AuthenticationController#refreshToken(RefreshTokenRequestDTO)
2025-12-04T16:14:54.933+05:30 DEBUG 18052 --- [Starter Project] [           main] m.m.a.RequestResponseBodyMethodProcessor : Read "application/json" to [RefreshTokenRequestDTO[refreshToken=invalid-refresh-token]]
2025-12-04T16:14:54.937+05:30  WARN 18052 --- [Starter Project] [           main] c.s.s.c.AuthenticationController         : Token refresh failed: Invalid refresh token
2025-12-04T16:14:54.939+05:30 DEBUG 18052 --- [Starter Project] [           main] o.s.w.s.m.m.a.HttpEntityMethodProcessor  : Using 'application/json', given [*/*] and supported [application/json, application/*+json]
2025-12-04T16:14:54.939+05:30 DEBUG 18052 --- [Starter Project] [           main] o.s.w.s.m.m.a.HttpEntityMethodProcessor  : Writing [AuthResponseDTO[username=null, status=FAILED, message=Invalid refresh token, otpRequired=false, toke (truncated)...]
]]></system-out>
  </testcase>
  <testcase name="testTokenCreationWithRememberMe" classname="com.starter.springboot.controller.AuthenticationControllerTest" time="0.032">
    <system-out><![CDATA[2025-12-04T16:14:54.952+05:30 DEBUG 18052 --- [Starter Project] [           main] s.w.s.m.m.a.RequestMappingHandlerMapping : 4 mappings in org.springframework.web.servlet.mvc.method.annotation.RequestMappingHandlerMapping
2025-12-04T16:14:54.954+05:30 DEBUG 18052 --- [Starter Project] [           main] s.w.s.m.m.a.RequestMappingHandlerAdapter : ControllerAdvice beans: 0 @ModelAttribute, 0 @InitBinder, 1 RequestBodyAdvice, 1 ResponseBodyAdvice
2025-12-04T16:14:54.955+05:30  INFO 18052 --- [Starter Project] [           main] o.s.mock.web.MockServletContext          : Initializing Spring TestDispatcherServlet ''
2025-12-04T16:14:54.955+05:30  INFO 18052 --- [Starter Project] [           main] o.s.t.web.servlet.TestDispatcherServlet  : Initializing Servlet ''
2025-12-04T16:14:54.955+05:30  INFO 18052 --- [Starter Project] [           main] o.s.t.web.servlet.TestDispatcherServlet  : Completed initialization in 0 ms
2025-12-04T16:14:54.959+05:30 DEBUG 18052 --- [Starter Project] [           main] s.w.s.m.m.a.RequestMappingHandlerMapping : Mapped to com.starter.springboot.controller.AuthenticationController#authorize(LoginDTO)
2025-12-04T16:14:54.965+05:30 DEBUG 18052 --- [Starter Project] [           main] m.m.a.RequestResponseBodyMethodProcessor : Read "application/json" to [com.starter.springboot.dto.LoginDTO@eb8378c]
2025-12-04T16:14:54.969+05:30  INFO 18052 --- [Starter Project] [           main] c.s.s.c.AuthenticationController         : Authentication attempt for user: diona.smith
2025-12-04T16:14:54.969+05:30  INFO 18052 --- [Starter Project] [           main] c.s.s.c.AuthenticationController         : Authentication completed for user: diona.smith
2025-12-04T16:14:54.971+05:30 DEBUG 18052 --- [Starter Project] [           main] o.s.w.s.m.m.a.HttpEntityMethodProcessor  : Using 'application/json', given [*/*] and supported [application/json, application/*+json]
2025-12-04T16:14:54.971+05:30 DEBUG 18052 --- [Starter Project] [           main] o.s.w.s.m.m.a.HttpEntityMethodProcessor  : Writing [AuthResponseDTO[username=diona.smith, status=SUCCESS, message=null, otpRequired=false, token=com.sta (truncated)...]
]]></system-out>
  </testcase>
  <testcase name="testRefreshTokenWhenUserNotFound" classname="com.starter.springboot.controller.AuthenticationControllerTest" time="0.218">
    <system-out><![CDATA[2025-12-04T16:14:55.003+05:30 DEBUG 18052 --- [Starter Project] [           main] s.w.s.m.m.a.RequestMappingHandlerMapping : 4 mappings in org.springframework.web.servlet.mvc.method.annotation.RequestMappingHandlerMapping
2025-12-04T16:14:55.006+05:30 DEBUG 18052 --- [Starter Project] [           main] s.w.s.m.m.a.RequestMappingHandlerAdapter : ControllerAdvice beans: 0 @ModelAttribute, 0 @InitBinder, 1 RequestBodyAdvice, 1 ResponseBodyAdvice
2025-12-04T16:14:55.007+05:30  INFO 18052 --- [Starter Project] [           main] o.s.mock.web.MockServletContext          : Initializing Spring TestDispatcherServlet ''
2025-12-04T16:14:55.007+05:30  INFO 18052 --- [Starter Project] [           main] o.s.t.web.servlet.TestDispatcherServlet  : Initializing Servlet ''
2025-12-04T16:14:55.007+05:30  INFO 18052 --- [Starter Project] [           main] o.s.t.web.servlet.TestDispatcherServlet  : Completed initialization in 0 ms
2025-12-04T16:14:55.015+05:30 DEBUG 18052 --- [Starter Project] [           main] s.w.s.m.m.a.RequestMappingHandlerMapping : Mapped to com.starter.springboot.controller.AuthenticationController#refreshToken(RefreshTokenRequestDTO)
2025-12-04T16:14:55.179+05:30 DEBUG 18052 --- [Starter Project] [           main] m.m.a.RequestResponseBodyMethodProcessor : Read "application/json" to [RefreshTokenRequestDTO[refreshToken=valid-refresh-token]]
2025-12-04T16:14:55.184+05:30  WARN 18052 --- [Starter Project] [           main] c.s.s.c.AuthenticationController         : Token refresh failed: User not found
2025-12-04T16:14:55.188+05:30 DEBUG 18052 --- [Starter Project] [           main] o.s.w.s.m.m.a.HttpEntityMethodProcessor  : Using 'application/json', given [*/*] and supported [application/json, application/*+json]
2025-12-04T16:14:55.189+05:30 DEBUG 18052 --- [Starter Project] [           main] o.s.w.s.m.m.a.HttpEntityMethodProcessor  : Writing [AuthResponseDTO[username=null, status=FAILED, message=Invalid refresh token, otpRequired=false, toke (truncated)...]
]]></system-out>
  </testcase>
</testsuite>