<?xml version="1.0" encoding="UTF-8"?>
<testsuite xmlns:xsi="http://www.w3.org/2001/XMLSchema-instance" xsi:noNamespaceSchemaLocation="https://maven.apache.org/surefire/maven-surefire-plugin/xsd/surefire-test-report-3.0.xsd" version="3.0" name="com.starter.springboot.services.EmailServiceTest" time="0.171" tests="10" errors="0" skipped="0" failures="0">
  <properties>
[...]
</properties>
  <testcase name="shouldReturnFalseWhenEmailSendingThrowsException" classname="com.starter.springboot.services.EmailServiceTest" time="0.113">
    <system-out><![CDATA[19:05:30.023 [main] ERROR com.starter.springboot.services.EmailService -- Sending e-mail error: Mail server error
]]></system-out>
  </testcase>
  <testcase name="shouldCreateCorrectSimpleMailMessageWithMultipleRecipients" classname="com.starter.springboot.services.EmailServiceTest" time="0.012">
    <system-out><![CDATA[19:05:30.036 [main] INFO com.starter.springboot.services.EmailService -- Email successfully sent to: test1@example.com,test2@example.com,test3@example.com
]]></system-out>
  </testcase>
  <testcase name="shouldHandleNullSubject" classname="com.starter.springboot.services.EmailServiceTest" time="0.005">
    <system-out><![CDATA[19:05:30.043 [main] INFO com.starter.springboot.services.EmailService -- Email successfully sent to: test@example.com
]]></system-out>
  </testcase>
  <testcase name="shouldSendEmailSuccessfullyWithValidData" classname="com.starter.springboot.services.EmailServiceTest" time="0.004">
    <system-out><![CDATA[19:05:30.048 [main] INFO com.starter.springboot.services.EmailService -- Email successfully sent to: test@example.com,user@example.com
]]></system-out>
  </testcase>
  <testcase name="shouldCreateCorrectSimpleMailMessageWithSingleRecipient" classname="com.starter.springboot.services.EmailServiceTest" time="0.005">
    <system-out><![CDATA[19:05:30.053 [main] INFO com.starter.springboot.services.EmailService -- Email successfully sent to: test@example.com
]]></system-out>
  </testcase>
  <testcase name="shouldReturnFalseWhenRecipientsListIsEmpty" classname="com.starter.springboot.services.EmailServiceTest" time="0.003">
    <system-out><![CDATA[19:05:30.058 [main] ERROR com.starter.springboot.services.EmailService -- No recipients provided for email with subject: Test Subject
]]></system-out>
  </testcase>
  <testcase name="shouldReturnFalseWhenRecipientsListIsNull" classname="com.starter.springboot.services.EmailServiceTest" time="0.002">
    <system-out><![CDATA[19:05:30.061 [main] ERROR com.starter.springboot.services.EmailService -- No recipients provided for email with subject: Test Subject
]]></system-out>
  </testcase>
  <testcase name="shouldHandleEmptySubjectAndBody" classname="com.starter.springboot.services.EmailServiceTest" time="0.004">
    <system-out><![CDATA[19:05:30.068 [main] INFO com.starter.springboot.services.EmailService -- Email successfully sent to: test@example.com
]]></system-out>
  </testcase>
  <testcase name="shouldHandleRuntimeExceptionDuringEmailSending" classname="com.starter.springboot.services.EmailServiceTest" time="0.004">
    <system-out><![CDATA[19:05:30.074 [main] ERROR com.starter.springboot.services.EmailService -- Sending e-mail error: Unexpected error
]]></system-out>
  </testcase>
  <testcase name="shouldHandleNullBody" classname="com.starter.springboot.services.EmailServiceTest" time="0.005">
    <system-out><![CDATA[19:05:30.079 [main] INFO com.starter.springboot.services.EmailService -- Email successfully sent to: test@example.com
]]></system-out>
  </testcase>
</testsuite>