<?xml version="1.0" encoding="UTF-8"?>
<testsuite xmlns:xsi="http://www.w3.org/2001/XMLSchema-instance" xsi:noNamespaceSchemaLocation="https://maven.apache.org/surefire/maven-surefire-plugin/xsd/surefire-test-report-3.0.xsd" version="3.0" name="com.starter.springboot.repository.AuthorityRepositoryTest" time="1.687" tests="8" errors="0" skipped="0" failures="0">
  <properties>
[...]
</properties>
  <testcase name="shouldUpdateAuthorityDescription" classname="com.starter.springboot.repository.AuthorityRepositoryTest" time="0.211">
    <system-out><![CDATA[2026-01-02 15:34:14 - [] - [] - [main] - o.s.b.t.a.o.j.DataJpaTestContextBootstrapper - Neither @ContextConfiguration nor @ContextHierarchy found for test class [AuthorityRepositoryTest]: using SpringBootContextLoader
2026-01-02 15:34:14 - [] - [] - [main] - o.s.t.c.s.AnnotationConfigContextLoaderUtils - Could not detect default configuration classes for test class [com.starter.springboot.repository.AuthorityRepositoryTest]: AuthorityRepositoryTest does not declare any static, non-private, non-final, nested classes annotated with @Configuration.
2026-01-02 15:34:14 - [] - [] - [main] - o.s.b.t.a.o.j.DataJpaTestContextBootstrapper - Using ContextCustomizerFactory implementations for test class [AuthorityRepositoryTest]: [ImportsContextCustomizerFactory, ExcludeFilterContextCustomizerFactory, HttpGraphQlTesterContextCustomizerFactory, DuplicateJsonObjectContextCustomizerFactory, MockitoContextCustomizerFactory, TestRestTemplateContextCustomizerFactory, WebTestClientContextCustomizerFactory, OverrideAutoConfigurationContextCustomizerFactory, ObservabilityContextCustomizerFactory, TypeExcludeFiltersContextCustomizerFactory, PropertyMappingContextCustomizerFactory, WebDriverContextCustomizerFactory, MockServerContainerContextCustomizerFactory, DynamicPropertiesContextCustomizerFactory]
2026-01-02 15:34:14 - [] - [] - [main] - o.s.b.t.a.o.j.DataJpaTestContextBootstrapper - Using ContextCustomizers for test class [AuthorityRepositoryTest]: [ImportsContextCustomizer, ExcludeFilterContextCustomizer, DuplicateJsonObjectContextCustomizer, MockitoContextCustomizer, DisableAutoConfigurationContextCustomizer, DisableObservabilityContextCustomizer, TypeExcludeFiltersContextCustomizer, PropertyMappingContextCustomizer, WebDriverContextCustomizer]
2026-01-02 15:34:14 - [] - [] - [main] - o.s.b.t.c.SpringBootTestContextBootstrapper - Found @SpringBootConfiguration com.starter.springboot.Application for test class com.starter.springboot.repository.AuthorityRepositoryTest
2026-01-02 15:34:14 - [] - [] - [main] - o.s.b.t.a.o.j.DataJpaTestContextBootstrapper - Using TestExecutionListeners for test class [AuthorityRepositoryTest]: [ServletTestExecutionListener, DirtiesContextBeforeModesTestExecutionListener, ApplicationEventsTestExecutionListener, MockitoTestExecutionListener, DependencyInjectionTestExecutionListener, DirtiesContextTestExecutionListener, TransactionalTestExecutionListener, SqlScriptsTestExecutionListener, EventPublishingTestExecutionListener, WithSecurityContextTestExecutionListener, ReactorContextTestExecutionListener, ResetMocksTestExecutionListener, RestDocsTestExecutionListener, MockRestServiceServerResetTestExecutionListener, MockMvcPrintOnlyOnFailureTestExecutionListener, WebDriverTestExecutionListener, MockWebServiceServerTestExecutionListener]
2026-01-02 15:34:14 - [] - [] - [main] - o.s.boot.env.OriginTrackedYamlLoader - Loading from YAML: class path resource [application.yml]
2026-01-02 15:34:14 - [] - [] - [main] - o.s.boot.env.OriginTrackedYamlLoader - Merging document (no matchers set): {spring={application={name=Starter Project}, profiles={active=dev}, jpa={properties={hibernate={generate_statistics=false}}}, web={locale=en_US}, messages={basename=messages, encoding=UTF-8, cache-duration=3600}}, logging={pattern={console=%d{yyyy-MM-dd HH:mm:ss} - [%X{requestId}] - [%X{userId}] - [%thread] - %logger{36} - %msg%n, file=%d{yyyy-MM-dd HH:mm:ss} - [%X{requestId}] - [%X{userId}] - [%thread] - %logger{36} - %msg%n}, level={org.springframework.security.authentication.dao.DaoAuthenticationProvider=warn, org.springframework.security.authentication.ProviderManager=warn, org.springframework.web.servlet.mvc.method.annotation.ExceptionHandlerExceptionResolver=info, org.hibernate.engine.internal.StatisticalLoggingSessionEventListener=false, org.springframework.boot.autoconfigure.logging.ConditionEvaluationReportLogger=false, org.hibernate.stat=false, org.hibernate=warn}}, security={login={max-attempts=5, window-seconds=60}}, otp={audit-purge={enabled=true, retention-days=90}}, twilio={account-sid=ACffe26d8a0ccdd09d9e170b10f5a4c130, auth-token=0597591ab8818ac9aad62e581d2747bb, phone-number=12569987551}, google={oauth={client-id=351355811776-90j5o6amqtsj377lud1df6im5mic1uvb.apps.googleusercontent.com, client-secret=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}}, management={endpoints={web={exposure={include=*}}}}, info={app={name=Spring Boot OTP Authentication, description=Secure One-Time Password (OTP) authentication system with JWT tokens, version=1.0.0, java-version=17, spring-boot-version=3.2.3}, system={os=Windows, architecture=x64}, contact={name=Spring Boot OTP Team, email=frederickraghul@springboot.com}, license={name=MIT License, url=https://opensource.org/licenses/MIT}}}
2026-01-02 15:34:14 - [] - [] - [main] - o.s.boot.env.OriginTrackedYamlLoader - Loaded 1 document from YAML resource: class path resource [application.yml]
2026-01-02 15:34:14 - [] - [] - [main] - o.s.boot.env.OriginTrackedYamlLoader - Loading from YAML: class path resource [application-dev.yml]
2026-01-02 15:34:14 - [] - [] - [main] - o.s.boot.env.OriginTrackedYamlLoader - Merging document (no matchers set): {spring={devtools={restart={enabled=true}}, datasource={url=jdbc:mysql://localhost/otp?useUnicode=true&characterEncoding=utf8&useSSL=false&allowPublicKeyRetrieval=true&serverTimezone=UTC, name=MySQL Local Connection, username=root, password=rahulvj17, driver-class-name=com.mysql.cj.jdbc.Driver, hikari={data-source-properties={cachePrepStmts=true, prepStmtCacheSize=250, prepStmtCacheSqlLimit=2048, useServerPrepStmts=true}}}, sql={init={mode=always, continue-on-error=false, data-locations=classpath:db/init/schema.sql}}, jpa={defer-datasource-initialization=true, hibernate={ddl-auto=update}, database-platform=org.hibernate.dialect.MySQL8Dialect, database=MYSQL, show_sql=false, open-in-view=false, factory-class=org.springframework.data.envers.repository.support.EnversRevisionRepositoryFactoryBean, properties={hibernate.cache.use_second_level_cache=false, hibernate.cache.use_query_cache=false, hibernate.generate_statistics=true, hibernate.format_sql=true}}, data={redis={host=localhost, port=6379}}, mail={host=smtp.gmail.com, port=587, username=frederickraghul@gmail.com, password=hnmnayxuemamvgnl, properties={mail.smtp.auth=true, mail.smtp.starttls.enable=true}}}, otp={expiry-minutes=5, max-attempts=3, attempt-window-minutes=10, audit-purge={enabled=true, retention-days=30}}, jwt={header=Authorization, secret=c3Ryb25nLXNwcmluZy1ib290LXNlY3JldC1rZXktMTIzNDU2Nzg5MA==, expiration=300}, server={port=8080, shutdown=graceful, lifecycle={timeout-per-shutdown-phase=30s}}, management={endpoints={web={exposure={include=health,info,metrics,env,configprops,beans,mappings,threaddump,heapdump,shutdown}, base-path=/actuator}}, endpoint={health={show-details=always}, info={enabled=true}, build={enabled=false}, metrics={enabled=true}, shutdown={enabled=false}}}, info={app={name=Spring Boot OTP Authentication, description=Secure One-Time Password (OTP) authentication system with JWT tokens, version=1.0.0, java-version=17, spring-boot-version=3.2.3}, system={os=Windows, architecture=x64}, contact={name=Spring Boot OTP Team, email=frederickraghul@springboot.com}, license={name=MIT License, url=https://opensource.org/licenses/MIT}}, springdoc={api-docs={path=/v3/api-docs}, swagger-ui={path=/swagger-ui.html, operationsSorter=method, tagsSorter=alpha}}, debug=true, logging={level={org.springframework.security.authentication.dao.DaoAuthenticationProvider=warn, org.springframework.security.authentication.ProviderManager=warn}}}
2026-01-02 15:34:14 - [] - [] - [main] - o.s.boot.env.OriginTrackedYamlLoader - Loaded 1 document from YAML resource: class path resource [application-dev.yml]
2026-01-02 15:34:14 - [] - [] - [main] - o.s.boot.ApplicationEnvironment - Activating profiles [dev]

  .   ____          _            __ _ _
 /\\ / ___'_ __ _ _(_)_ __  __ _ \ \ \ \
( ( )\___ | '_ | '_| | '_ \/ _` | \ \ \ \
 \\/  ___)| |_)| | | | | || (_| |  ) ) ) )
  '  |____| .__|_| |_|_| |_\__, | / / / /
 =========|_|==============|___/=/_/_/_/
 :: Spring Boot ::                (v3.2.3)

2026-01-02 15:34:14 - [] - [] - [main] - c.s.s.r.AuthorityRepositoryTest - Starting AuthorityRepositoryTest using Java 21.0.9 with PID 40880 (started by Rahul.S in C:\Users\Rahul.S\OneDrive\Desktop\spring-boot-otp)
2026-01-02 15:34:14 - [] - [] - [main] - c.s.s.r.AuthorityRepositoryTest - The following 1 profile is active: "dev"
2026-01-02 15:34:14 - [] - [] - [main] - o.s.boot.SpringApplication - Loading source class com.starter.springboot.Application
2026-01-02 15:34:14 - [] - [] - [main] - o.s.d.r.c.RepositoryConfigurationDelegate - Multiple Spring Data modules found, entering strict repository configuration mode
2026-01-02 15:34:14 - [] - [] - [main] - o.s.d.r.c.RepositoryConfigurationDelegate - Bootstrapping Spring Data JPA repositories in DEFAULT mode.
2026-01-02 15:34:14 - [] - [] - [main] - o.s.b.a.AutoConfigurationPackages - @EnableAutoConfiguration was declared on a class in the package 'com.starter.springboot'. Automatic @Repository and @Entity scanning is enabled.
2026-01-02 15:34:14 - [] - [] - [main] - o.s.d.r.c.RepositoryConfigurationDelegate - Finished Spring Data repository scanning in 55 ms. Found 6 JPA repository interfaces.
2026-01-02 15:34:14 - [] - [] - [main] - o.s.b.t.a.j.TestDatabaseAutoConfiguration$EmbeddedDataSourceBeanFactoryPostProcessor - Replacing 'dataSource' DataSource bean with embedded version
2026-01-02 15:34:15 - [] - [] - [main] - o.s.j.d.e.EmbeddedDatabaseFactory - Starting embedded database: url='jdbc:h2:mem:3a0f06bc-898f-4fc2-9220-12e7fb248664;DB_CLOSE_DELAY=-1;DB_CLOSE_ON_EXIT=false', username='sa'
2026-01-02 15:34:15 - [] - [] - [main] - o.s.o.j.p.SpringPersistenceUnitInfo - No LoadTimeWeaver setup: ignoring JPA class transformer
2026-01-02 15:34:15 - [] - [] - [main] - org.hibernate.orm.deprecation - HHH90000025: H2Dialect does not need to be specified explicitly using 'hibernate.dialect' (remove the property setting and it will be selected by default)
2026-01-02 15:34:15 - [] - [] - [main] - org.hibernate.SQL - 
    drop table if exists authority cascade 
Hibernate: 
    drop table if exists authority cascade 
2026-01-02 15:34:15 - [] - [] - [main] - org.hibernate.SQL - 
    drop table if exists otp_audit_entries cascade 
Hibernate: 
    drop table if exists otp_audit_entries cascade 
2026-01-02 15:34:15 - [] - [] - [main] - org.hibernate.SQL - 
    drop table if exists password_history cascade 
Hibernate: 
    drop table if exists password_history cascade 
2026-01-02 15:34:15 - [] - [] - [main] - org.hibernate.SQL - 
    drop table if exists refresh_tokens cascade 
Hibernate: 
    drop table if exists refresh_tokens cascade 
2026-01-02 15:34:15 - [] - [] - [main] - org.hibernate.SQL - 
    drop table if exists role cascade 
Hibernate: 
    drop table if exists role cascade 
2026-01-02 15:34:15 - [] - [] - [main] - org.hibernate.SQL - 
    drop table if exists user_account cascade 
Hibernate: 
    drop table if exists user_account cascade 
2026-01-02 15:34:15 - [] - [] - [main] - org.hibernate.SQL - 
    create table authority (
        created_date timestamp(6) not null,
        id bigint not null,
        last_modified_date timestamp(6),
        created_by varchar(50),
        last_modified_by varchar(50),
        name varchar(50) not null unique,
        description varchar(255),
        primary key (id)
    )
Hibernate: 
    create table authority (
        created_date timestamp(6) not null,
        id bigint not null,
        last_modified_date timestamp(6),
        created_by varchar(50),
        last_modified_by varchar(50),
        name varchar(50) not null unique,
        description varchar(255),
        primary key (id)
    )
2026-01-02 15:34:15 - [] - [] - [main] - org.hibernate.SQL - 
    create table otp_audit_entries (
        issued_on date not null,
        created_date timestamp(6) not null,
        expires_on timestamp(6) not null,
        id bigint not null,
        last_modified_date timestamp(6),
        partner_expiry timestamp(6),
        created_by varchar(50),
        last_modified_by varchar(50),
        username varchar(255) not null,
        primary key (id)
    )
Hibernate: 
    create table otp_audit_entries (
        issued_on date not null,
        created_date timestamp(6) not null,
        expires_on timestamp(6) not null,
        id bigint not null,
        last_modified_date timestamp(6),
        partner_expiry timestamp(6),
        created_by varchar(50),
        last_modified_by varchar(50),
        username varchar(255) not null,
        primary key (id)
    )
2026-01-02 15:34:15 - [] - [] - [main] - org.hibernate.SQL - 
    create table password_history (
        created_date timestamp(6) not null,
        id bigint not null,
        last_modified_date timestamp(6),
        password_history_id bigint not null,
        created_by varchar(50),
        last_modified_by varchar(50),
        password varchar(100) not null,
        primary key (password_history_id)
    )
Hibernate: 
    create table password_history (
        created_date timestamp(6) not null,
        id bigint not null,
        last_modified_date timestamp(6),
        password_history_id bigint not null,
        created_by varchar(50),
        last_modified_by varchar(50),
        password varchar(100) not null,
        primary key (password_history_id)
    )
2026-01-02 15:34:15 - [] - [] - [main] - org.hibernate.SQL - 
    create table refresh_tokens (
        created_at timestamp(6) with time zone not null,
        expires_at timestamp(6) with time zone not null,
        id bigint generated by default as identity,
        revoked_at timestamp(6) with time zone,
        user_id bigint not null,
        token varchar(500) not null unique,
        replaced_by_token varchar(255),
        primary key (id)
    )
Hibernate: 
    create table refresh_tokens (
        created_at timestamp(6) with time zone not null,
        expires_at timestamp(6) with time zone not null,
        id bigint generated by default as identity,
        revoked_at timestamp(6) with time zone,
        user_id bigint not null,
        token varchar(500) not null unique,
        replaced_by_token varchar(255),
        primary key (id)
    )
2026-01-02 15:34:15 - [] - [] - [main] - org.hibernate.SQL - 
    create table role (
        created_date timestamp(6) not null,
        id bigint not null,
        last_modified_date timestamp(6),
        created_by varchar(50),
        last_modified_by varchar(50),
        description varchar(255),
        name varchar(255) not null,
        primary key (id)
    )
Hibernate: 
    create table role (
        created_date timestamp(6) not null,
        id bigint not null,
        last_modified_date timestamp(6),
        created_by varchar(50),
        last_modified_by varchar(50),
        description varchar(255),
        name varchar(255) not null,
        primary key (id)
    )
2026-01-02 15:34:15 - [] - [] - [main] - org.hibernate.SQL - 
    create table user_account (
        email_verified boolean,
        enabled boolean not null,
        is_otp_required boolean,
        password_set boolean,
        authority_id bigint,
        created_date timestamp(6) not null,
        id bigint not null,
        last_modified_date timestamp(6),
        last_password_reset_date timestamp(6),
        role_id bigint,
        auth_type varchar(20) check (auth_type in ('WEB_SIGNUP','GOOGLE_OAUTH','CSV_UPLOAD')),
        status varchar(20) not null check (status in ('ACTIVE','INACTIVE')),
        created_by varchar(50),
        email varchar(50) not null,
        first_name varchar(50) not null,
        last_modified_by varchar(50),
        last_name varchar(50) not null,
        username varchar(50) not null unique,
        password varchar(100) not null,
        google_id varchar(255),
        totp_secret varchar(255),
        primary key (id)
    )
Hibernate: 
    create table user_account (
        email_verified boolean,
        enabled boolean not null,
        is_otp_required boolean,
        password_set boolean,
        authority_id bigint,
        created_date timestamp(6) not null,
        id bigint not null,
        last_modified_date timestamp(6),
        last_password_reset_date timestamp(6),
        role_id bigint,
        auth_type varchar(20) check (auth_type in ('WEB_SIGNUP','GOOGLE_OAUTH','CSV_UPLOAD')),
        status varchar(20) not null check (status in ('ACTIVE','INACTIVE')),
        created_by varchar(50),
        email varchar(50) not null,
        first_name varchar(50) not null,
        last_modified_by varchar(50),
        last_name varchar(50) not null,
        username varchar(50) not null unique,
        password varchar(100) not null,
        google_id varchar(255),
        totp_secret varchar(255),
        primary key (id)
    )
2026-01-02 15:34:15 - [] - [] - [main] - org.hibernate.SQL - 
    create index idx_refresh_token_user 
       on refresh_tokens (user_id)
Hibernate: 
    create index idx_refresh_token_user 
       on refresh_tokens (user_id)
2026-01-02 15:34:15 - [] - [] - [main] - org.hibernate.SQL - 
    create index idx_refresh_token_expires 
       on refresh_tokens (expires_at)
Hibernate: 
    create index idx_refresh_token_expires 
       on refresh_tokens (expires_at)
2026-01-02 15:34:15 - [] - [] - [main] - org.hibernate.SQL - 
    alter table if exists password_history 
       add constraint FKj4jdb6rjk7j8lgbbkiaahb35w 
       foreign key (id) 
       references user_account
Hibernate: 
    alter table if exists password_history 
       add constraint FKj4jdb6rjk7j8lgbbkiaahb35w 
       foreign key (id) 
       references user_account
2026-01-02 15:34:15 - [] - [] - [main] - org.hibernate.SQL - 
    alter table if exists user_account 
       add constraint FK6uf6rf05ts6e2qa4jnm2bwexx 
       foreign key (authority_id) 
       references authority
Hibernate: 
    alter table if exists user_account 
       add constraint FK6uf6rf05ts6e2qa4jnm2bwexx 
       foreign key (authority_id) 
       references authority
2026-01-02 15:34:15 - [] - [] - [main] - org.hibernate.SQL - 
    alter table if exists user_account 
       add constraint FK4j8uoaeve853dcbl0tjd0yoq0 
       foreign key (role_id) 
       references role
Hibernate: 
    alter table if exists user_account 
       add constraint FK4j8uoaeve853dcbl0tjd0yoq0 
       foreign key (role_id) 
       references role
2026-01-02 15:34:15 - [] - [] - [main] - o.s.o.j.LocalContainerEntityManagerFactoryBean - Initialized JPA EntityManagerFactory for persistence unit 'default'
2026-01-02 15:34:15 - [] - [] - [main] - c.s.s.r.AuthorityRepositoryTest - Started AuthorityRepositoryTest in 1.256 seconds (process running for 25.775)
2026-01-02 15:34:16 - [] - [] - [main] - org.hibernate.SQL - 
    select
        a1_0.id,
        a1_0.created_by,
        a1_0.created_date,
        a1_0.description,
        a1_0.last_modified_by,
        a1_0.last_modified_date,
        a1_0.name 
    from
        authority a1_0
Hibernate: 
    select
        a1_0.id,
        a1_0.created_by,
        a1_0.created_date,
        a1_0.description,
        a1_0.last_modified_by,
        a1_0.last_modified_date,
        a1_0.name 
    from
        authority a1_0
2026-01-02 15:34:16 - [] - [] - [main] - org.hibernate.SQL - 
    insert 
    into
        authority
        (created_by, created_date, description, last_modified_by, last_modified_date, name, id) 
    values
        (?, ?, ?, ?, ?, ?, ?)
Hibernate: 
    insert 
    into
        authority
        (created_by, created_date, description, last_modified_by, last_modified_date, name, id) 
    values
        (?, ?, ?, ?, ?, ?, ?)
2026-01-02 15:34:16 - [] - [] - [main] - org.hibernate.SQL - 
    insert 
    into
        authority
        (created_by, created_date, description, last_modified_by, last_modified_date, name, id) 
    values
        (?, ?, ?, ?, ?, ?, ?)
Hibernate: 
    insert 
    into
        authority
        (created_by, created_date, description, last_modified_by, last_modified_date, name, id) 
    values
        (?, ?, ?, ?, ?, ?, ?)
2026-01-02 15:34:16 - [] - [] - [main] - org.hibernate.SQL - 
    insert 
    into
        authority
        (created_by, created_date, description, last_modified_by, last_modified_date, name, id) 
    values
        (?, ?, ?, ?, ?, ?, ?)
Hibernate: 
    insert 
    into
        authority
        (created_by, created_date, description, last_modified_by, last_modified_date, name, id) 
    values
        (?, ?, ?, ?, ?, ?, ?)
2026-01-02 15:34:16 - [] - [] - [main] - org.hibernate.SQL - 
    select
        a1_0.id,
        a1_0.created_by,
        a1_0.created_date,
        a1_0.description,
        a1_0.last_modified_by,
        a1_0.last_modified_date,
        a1_0.name 
    from
        authority a1_0 
    where
        a1_0.name=?
Hibernate: 
    select
        a1_0.id,
        a1_0.created_by,
        a1_0.created_date,
        a1_0.description,
        a1_0.last_modified_by,
        a1_0.last_modified_date,
        a1_0.name 
    from
        authority a1_0 
    where
        a1_0.name=?
2026-01-02 15:34:16 - [] - [] - [main] - org.hibernate.SQL - 
    update
        authority 
    set
        description=?,
        last_modified_by=?,
        last_modified_date=?,
        name=? 
    where
        id=?
Hibernate: 
    update
        authority 
    set
        description=?,
        last_modified_by=?,
        last_modified_date=?,
        name=? 
    where
        id=?
2026-01-02 15:34:16 - [] - [] - [main] - org.hibernate.SQL - 
    select
        a1_0.id,
        a1_0.created_by,
        a1_0.created_date,
        a1_0.description,
        a1_0.last_modified_by,
        a1_0.last_modified_date,
        a1_0.name 
    from
        authority a1_0 
    where
        a1_0.name=?
Hibernate: 
    select
        a1_0.id,
        a1_0.created_by,
        a1_0.created_date,
        a1_0.description,
        a1_0.last_modified_by,
        a1_0.last_modified_date,
        a1_0.name 
    from
        authority a1_0 
    where
        a1_0.name=?
]]></system-out>
  </testcase>
  <testcase name="shouldFindAuthorityByName" classname="com.starter.springboot.repository.AuthorityRepositoryTest" time="0.013">
    <system-out><![CDATA[2026-01-02 15:34:16 - [] - [] - [main] - org.hibernate.SQL - 
    select
        a1_0.id,
        a1_0.created_by,
        a1_0.created_date,
        a1_0.description,
        a1_0.last_modified_by,
        a1_0.last_modified_date,
        a1_0.name 
    from
        authority a1_0
Hibernate: 
    select
        a1_0.id,
        a1_0.created_by,
        a1_0.created_date,
        a1_0.description,
        a1_0.last_modified_by,
        a1_0.last_modified_date,
        a1_0.name 
    from
        authority a1_0
2026-01-02 15:34:16 - [] - [] - [main] - org.hibernate.SQL - 
    insert 
    into
        authority
        (created_by, created_date, description, last_modified_by, last_modified_date, name, id) 
    values
        (?, ?, ?, ?, ?, ?, ?)
Hibernate: 
    insert 
    into
        authority
        (created_by, created_date, description, last_modified_by, last_modified_date, name, id) 
    values
        (?, ?, ?, ?, ?, ?, ?)
2026-01-02 15:34:16 - [] - [] - [main] - org.hibernate.SQL - 
    insert 
    into
        authority
        (created_by, created_date, description, last_modified_by, last_modified_date, name, id) 
    values
        (?, ?, ?, ?, ?, ?, ?)
Hibernate: 
    insert 
    into
        authority
        (created_by, created_date, description, last_modified_by, last_modified_date, name, id) 
    values
        (?, ?, ?, ?, ?, ?, ?)
2026-01-02 15:34:16 - [] - [] - [main] - org.hibernate.SQL - 
    insert 
    into
        authority
        (created_by, created_date, description, last_modified_by, last_modified_date, name, id) 
    values
        (?, ?, ?, ?, ?, ?, ?)
Hibernate: 
    insert 
    into
        authority
        (created_by, created_date, description, last_modified_by, last_modified_date, name, id) 
    values
        (?, ?, ?, ?, ?, ?, ?)
2026-01-02 15:34:16 - [] - [] - [main] - org.hibernate.SQL - 
    select
        a1_0.id,
        a1_0.created_by,
        a1_0.created_date,
        a1_0.description,
        a1_0.last_modified_by,
        a1_0.last_modified_date,
        a1_0.name 
    from
        authority a1_0 
    where
        a1_0.name=?
Hibernate: 
    select
        a1_0.id,
        a1_0.created_by,
        a1_0.created_date,
        a1_0.description,
        a1_0.last_modified_by,
        a1_0.last_modified_date,
        a1_0.name 
    from
        authority a1_0 
    where
        a1_0.name=?
]]></system-out>
  </testcase>
  <testcase name="shouldReturnEmptyWhenAuthorityNotFoundByName" classname="com.starter.springboot.repository.AuthorityRepositoryTest" time="0.014">
    <system-out><![CDATA[2026-01-02 15:34:16 - [] - [] - [main] - org.hibernate.SQL - 
    select
        a1_0.id,
        a1_0.created_by,
        a1_0.created_date,
        a1_0.description,
        a1_0.last_modified_by,
        a1_0.last_modified_date,
        a1_0.name 
    from
        authority a1_0
Hibernate: 
    select
        a1_0.id,
        a1_0.created_by,
        a1_0.created_date,
        a1_0.description,
        a1_0.last_modified_by,
        a1_0.last_modified_date,
        a1_0.name 
    from
        authority a1_0
2026-01-02 15:34:16 - [] - [] - [main] - org.hibernate.SQL - 
    insert 
    into
        authority
        (created_by, created_date, description, last_modified_by, last_modified_date, name, id) 
    values
        (?, ?, ?, ?, ?, ?, ?)
Hibernate: 
    insert 
    into
        authority
        (created_by, created_date, description, last_modified_by, last_modified_date, name, id) 
    values
        (?, ?, ?, ?, ?, ?, ?)
2026-01-02 15:34:16 - [] - [] - [main] - org.hibernate.SQL - 
    insert 
    into
        authority
        (created_by, created_date, description, last_modified_by, last_modified_date, name, id) 
    values
        (?, ?, ?, ?, ?, ?, ?)
Hibernate: 
    insert 
    into
        authority
        (created_by, created_date, description, last_modified_by, last_modified_date, name, id) 
    values
        (?, ?, ?, ?, ?, ?, ?)
2026-01-02 15:34:16 - [] - [] - [main] - org.hibernate.SQL - 
    insert 
    into
        authority
        (created_by, created_date, description, last_modified_by, last_modified_date, name, id) 
    values
        (?, ?, ?, ?, ?, ?, ?)
Hibernate: 
    insert 
    into
        authority
        (created_by, created_date, description, last_modified_by, last_modified_date, name, id) 
    values
        (?, ?, ?, ?, ?, ?, ?)
2026-01-02 15:34:16 - [] - [] - [main] - org.hibernate.SQL - 
    select
        a1_0.id,
        a1_0.created_by,
        a1_0.created_date,
        a1_0.description,
        a1_0.last_modified_by,
        a1_0.last_modified_date,
        a1_0.name 
    from
        authority a1_0 
    where
        a1_0.name=?
Hibernate: 
    select
        a1_0.id,
        a1_0.created_by,
        a1_0.created_date,
        a1_0.description,
        a1_0.last_modified_by,
        a1_0.last_modified_date,
        a1_0.name 
    from
        authority a1_0 
    where
        a1_0.name=?
]]></system-out>
  </testcase>
  <testcase name="shouldDeleteAuthorityById" classname="com.starter.springboot.repository.AuthorityRepositoryTest" time="0.023">
    <system-out><![CDATA[2026-01-02 15:34:16 - [] - [] - [main] - org.hibernate.SQL - 
    select
        a1_0.id,
        a1_0.created_by,
        a1_0.created_date,
        a1_0.description,
        a1_0.last_modified_by,
        a1_0.last_modified_date,
        a1_0.name 
    from
        authority a1_0
Hibernate: 
    select
        a1_0.id,
        a1_0.created_by,
        a1_0.created_date,
        a1_0.description,
        a1_0.last_modified_by,
        a1_0.last_modified_date,
        a1_0.name 
    from
        authority a1_0
2026-01-02 15:34:16 - [] - [] - [main] - org.hibernate.SQL - 
    insert 
    into
        authority
        (created_by, created_date, description, last_modified_by, last_modified_date, name, id) 
    values
        (?, ?, ?, ?, ?, ?, ?)
Hibernate: 
    insert 
    into
        authority
        (created_by, created_date, description, last_modified_by, last_modified_date, name, id) 
    values
        (?, ?, ?, ?, ?, ?, ?)
2026-01-02 15:34:16 - [] - [] - [main] - org.hibernate.SQL - 
    insert 
    into
        authority
        (created_by, created_date, description, last_modified_by, last_modified_date, name, id) 
    values
        (?, ?, ?, ?, ?, ?, ?)
Hibernate: 
    insert 
    into
        authority
        (created_by, created_date, description, last_modified_by, last_modified_date, name, id) 
    values
        (?, ?, ?, ?, ?, ?, ?)
2026-01-02 15:34:16 - [] - [] - [main] - org.hibernate.SQL - 
    insert 
    into
        authority
        (created_by, created_date, description, last_modified_by, last_modified_date, name, id) 
    values
        (?, ?, ?, ?, ?, ?, ?)
Hibernate: 
    insert 
    into
        authority
        (created_by, created_date, description, last_modified_by, last_modified_date, name, id) 
    values
        (?, ?, ?, ?, ?, ?, ?)
2026-01-02 15:34:16 - [] - [] - [main] - org.hibernate.SQL - 
    delete 
    from
        authority 
    where
        id=?
Hibernate: 
    delete 
    from
        authority 
    where
        id=?
2026-01-02 15:34:16 - [] - [] - [main] - org.hibernate.SQL - 
    select
        a1_0.id,
        a1_0.created_by,
        a1_0.created_date,
        a1_0.description,
        a1_0.last_modified_by,
        a1_0.last_modified_date,
        a1_0.name 
    from
        authority a1_0 
    where
        a1_0.id=?
Hibernate: 
    select
        a1_0.id,
        a1_0.created_by,
        a1_0.created_date,
        a1_0.description,
        a1_0.last_modified_by,
        a1_0.last_modified_date,
        a1_0.name 
    from
        authority a1_0 
    where
        a1_0.id=?
]]></system-out>
  </testcase>
  <testcase name="shouldCountTotalAuthorities" classname="com.starter.springboot.repository.AuthorityRepositoryTest" time="0.055">
    <system-out><![CDATA[2026-01-02 15:34:16 - [] - [] - [main] - org.hibernate.SQL - 
    select
        a1_0.id,
        a1_0.created_by,
        a1_0.created_date,
        a1_0.description,
        a1_0.last_modified_by,
        a1_0.last_modified_date,
        a1_0.name 
    from
        authority a1_0
Hibernate: 
    select
        a1_0.id,
        a1_0.created_by,
        a1_0.created_date,
        a1_0.description,
        a1_0.last_modified_by,
        a1_0.last_modified_date,
        a1_0.name 
    from
        authority a1_0
2026-01-02 15:34:16 - [] - [] - [main] - org.hibernate.SQL - 
    insert 
    into
        authority
        (created_by, created_date, description, last_modified_by, last_modified_date, name, id) 
    values
        (?, ?, ?, ?, ?, ?, ?)
Hibernate: 
    insert 
    into
        authority
        (created_by, created_date, description, last_modified_by, last_modified_date, name, id) 
    values
        (?, ?, ?, ?, ?, ?, ?)
2026-01-02 15:34:16 - [] - [] - [main] - org.hibernate.SQL - 
    insert 
    into
        authority
        (created_by, created_date, description, last_modified_by, last_modified_date, name, id) 
    values
        (?, ?, ?, ?, ?, ?, ?)
Hibernate: 
    insert 
    into
        authority
        (created_by, created_date, description, last_modified_by, last_modified_date, name, id) 
    values
        (?, ?, ?, ?, ?, ?, ?)
2026-01-02 15:34:16 - [] - [] - [main] - org.hibernate.SQL - 
    insert 
    into
        authority
        (created_by, created_date, description, last_modified_by, last_modified_date, name, id) 
    values
        (?, ?, ?, ?, ?, ?, ?)
Hibernate: 
    insert 
    into
        authority
        (created_by, created_date, description, last_modified_by, last_modified_date, name, id) 
    values
        (?, ?, ?, ?, ?, ?, ?)
2026-01-02 15:34:16 - [] - [] - [main] - org.hibernate.SQL - 
    select
        count(*) 
    from
        authority a1_0
Hibernate: 
    select
        count(*) 
    from
        authority a1_0
2026-01-02 15:34:16 - [] - [] - [main] - org.hibernate.SQL - 
    select
        a1_0.id,
        a1_0.created_by,
        a1_0.created_date,
        a1_0.description,
        a1_0.last_modified_by,
        a1_0.last_modified_date,
        a1_0.name 
    from
        authority a1_0 
    where
        a1_0.id=?
Hibernate: 
    select
        a1_0.id,
        a1_0.created_by,
        a1_0.created_date,
        a1_0.description,
        a1_0.last_modified_by,
        a1_0.last_modified_date,
        a1_0.name 
    from
        authority a1_0 
    where
        a1_0.id=?
2026-01-02 15:34:16 - [] - [] - [main] - org.hibernate.SQL - 
    insert 
    into
        authority
        (created_by, created_date, description, last_modified_by, last_modified_date, name, id) 
    values
        (?, ?, ?, ?, ?, ?, ?)
Hibernate: 
    insert 
    into
        authority
        (created_by, created_date, description, last_modified_by, last_modified_date, name, id) 
    values
        (?, ?, ?, ?, ?, ?, ?)
2026-01-02 15:34:16 - [] - [] - [main] - org.hibernate.SQL - 
    select
        count(*) 
    from
        authority a1_0
Hibernate: 
    select
        count(*) 
    from
        authority a1_0
]]></system-out>
  </testcase>
  <testcase name="shouldFindAuthorityById" classname="com.starter.springboot.repository.AuthorityRepositoryTest" time="0.013">
    <system-out><![CDATA[2026-01-02 15:34:16 - [] - [] - [main] - org.hibernate.SQL - 
    select
        a1_0.id,
        a1_0.created_by,
        a1_0.created_date,
        a1_0.description,
        a1_0.last_modified_by,
        a1_0.last_modified_date,
        a1_0.name 
    from
        authority a1_0
Hibernate: 
    select
        a1_0.id,
        a1_0.created_by,
        a1_0.created_date,
        a1_0.description,
        a1_0.last_modified_by,
        a1_0.last_modified_date,
        a1_0.name 
    from
        authority a1_0
2026-01-02 15:34:16 - [] - [] - [main] - org.hibernate.SQL - 
    insert 
    into
        authority
        (created_by, created_date, description, last_modified_by, last_modified_date, name, id) 
    values
        (?, ?, ?, ?, ?, ?, ?)
Hibernate: 
    insert 
    into
        authority
        (created_by, created_date, description, last_modified_by, last_modified_date, name, id) 
    values
        (?, ?, ?, ?, ?, ?, ?)
2026-01-02 15:34:16 - [] - [] - [main] - org.hibernate.SQL - 
    insert 
    into
        authority
        (created_by, created_date, description, last_modified_by, last_modified_date, name, id) 
    values
        (?, ?, ?, ?, ?, ?, ?)
Hibernate: 
    insert 
    into
        authority
        (created_by, created_date, description, last_modified_by, last_modified_date, name, id) 
    values
        (?, ?, ?, ?, ?, ?, ?)
2026-01-02 15:34:16 - [] - [] - [main] - org.hibernate.SQL - 
    insert 
    into
        authority
        (created_by, created_date, description, last_modified_by, last_modified_date, name, id) 
    values
        (?, ?, ?, ?, ?, ?, ?)
Hibernate: 
    insert 
    into
        authority
        (created_by, created_date, description, last_modified_by, last_modified_date, name, id) 
    values
        (?, ?, ?, ?, ?, ?, ?)
]]></system-out>
  </testcase>
  <testcase name="shouldCreateAndSaveAuthority" classname="com.starter.springboot.repository.AuthorityRepositoryTest" time="0.016">
    <system-out><![CDATA[2026-01-02 15:34:16 - [] - [] - [main] - org.hibernate.SQL - 
    select
        a1_0.id,
        a1_0.created_by,
        a1_0.created_date,
        a1_0.description,
        a1_0.last_modified_by,
        a1_0.last_modified_date,
        a1_0.name 
    from
        authority a1_0
Hibernate: 
    select
        a1_0.id,
        a1_0.created_by,
        a1_0.created_date,
        a1_0.description,
        a1_0.last_modified_by,
        a1_0.last_modified_date,
        a1_0.name 
    from
        authority a1_0
2026-01-02 15:34:16 - [] - [] - [main] - org.hibernate.SQL - 
    insert 
    into
        authority
        (created_by, created_date, description, last_modified_by, last_modified_date, name, id) 
    values
        (?, ?, ?, ?, ?, ?, ?)
Hibernate: 
    insert 
    into
        authority
        (created_by, created_date, description, last_modified_by, last_modified_date, name, id) 
    values
        (?, ?, ?, ?, ?, ?, ?)
2026-01-02 15:34:16 - [] - [] - [main] - org.hibernate.SQL - 
    insert 
    into
        authority
        (created_by, created_date, description, last_modified_by, last_modified_date, name, id) 
    values
        (?, ?, ?, ?, ?, ?, ?)
Hibernate: 
    insert 
    into
        authority
        (created_by, created_date, description, last_modified_by, last_modified_date, name, id) 
    values
        (?, ?, ?, ?, ?, ?, ?)
2026-01-02 15:34:16 - [] - [] - [main] - org.hibernate.SQL - 
    insert 
    into
        authority
        (created_by, created_date, description, last_modified_by, last_modified_date, name, id) 
    values
        (?, ?, ?, ?, ?, ?, ?)
Hibernate: 
    insert 
    into
        authority
        (created_by, created_date, description, last_modified_by, last_modified_date, name, id) 
    values
        (?, ?, ?, ?, ?, ?, ?)
2026-01-02 15:34:16 - [] - [] - [main] - org.hibernate.SQL - 
    select
        a1_0.id,
        a1_0.created_by,
        a1_0.created_date,
        a1_0.description,
        a1_0.last_modified_by,
        a1_0.last_modified_date,
        a1_0.name 
    from
        authority a1_0 
    where
        a1_0.id=?
Hibernate: 
    select
        a1_0.id,
        a1_0.created_by,
        a1_0.created_date,
        a1_0.description,
        a1_0.last_modified_by,
        a1_0.last_modified_date,
        a1_0.name 
    from
        authority a1_0 
    where
        a1_0.id=?
]]></system-out>
  </testcase>
  <testcase name="shouldRetrieveAllAuthorities" classname="com.starter.springboot.repository.AuthorityRepositoryTest" time="0.016">
    <system-out><![CDATA[2026-01-02 15:34:16 - [] - [] - [main] - org.hibernate.SQL - 
    select
        a1_0.id,
        a1_0.created_by,
        a1_0.created_date,
        a1_0.description,
        a1_0.last_modified_by,
        a1_0.last_modified_date,
        a1_0.name 
    from
        authority a1_0
Hibernate: 
    select
        a1_0.id,
        a1_0.created_by,
        a1_0.created_date,
        a1_0.description,
        a1_0.last_modified_by,
        a1_0.last_modified_date,
        a1_0.name 
    from
        authority a1_0
2026-01-02 15:34:16 - [] - [] - [main] - org.hibernate.SQL - 
    insert 
    into
        authority
        (created_by, created_date, description, last_modified_by, last_modified_date, name, id) 
    values
        (?, ?, ?, ?, ?, ?, ?)
Hibernate: 
    insert 
    into
        authority
        (created_by, created_date, description, last_modified_by, last_modified_date, name, id) 
    values
        (?, ?, ?, ?, ?, ?, ?)
2026-01-02 15:34:16 - [] - [] - [main] - org.hibernate.SQL - 
    insert 
    into
        authority
        (created_by, created_date, description, last_modified_by, last_modified_date, name, id) 
    values
        (?, ?, ?, ?, ?, ?, ?)
Hibernate: 
    insert 
    into
        authority
        (created_by, created_date, description, last_modified_by, last_modified_date, name, id) 
    values
        (?, ?, ?, ?, ?, ?, ?)
2026-01-02 15:34:16 - [] - [] - [main] - org.hibernate.SQL - 
    insert 
    into
        authority
        (created_by, created_date, description, last_modified_by, last_modified_date, name, id) 
    values
        (?, ?, ?, ?, ?, ?, ?)
Hibernate: 
    insert 
    into
        authority
        (created_by, created_date, description, last_modified_by, last_modified_date, name, id) 
    values
        (?, ?, ?, ?, ?, ?, ?)
2026-01-02 15:34:16 - [] - [] - [main] - org.hibernate.SQL - 
    select
        a1_0.id,
        a1_0.created_by,
        a1_0.created_date,
        a1_0.description,
        a1_0.last_modified_by,
        a1_0.last_modified_date,
        a1_0.name 
    from
        authority a1_0
Hibernate: 
    select
        a1_0.id,
        a1_0.created_by,
        a1_0.created_date,
        a1_0.description,
        a1_0.last_modified_by,
        a1_0.last_modified_date,
        a1_0.name 
    from
        authority a1_0
]]></system-out>
  </testcase>
</testsuite>