<?xml version="1.0" encoding="UTF-8"?>
<testsuite xmlns:xsi="http://www.w3.org/2001/XMLSchema-instance" xsi:noNamespaceSchemaLocation="https://maven.apache.org/surefire/maven-surefire-plugin/xsd/surefire-test-report-3.0.xsd" version="3.0" name="com.starter.springboot.config.SecurityConfigurationTest" time="17.927" tests="22" errors="0" skipped="0" failures="0">
  <properties>
[...]
</properties>
  <testcase name="shouldCreateOtpAwareAuthenticationProviderBean" classname="com.starter.springboot.config.SecurityConfigurationTest" time="0.062">
    <system-out><![CDATA[15:46:19.941 [main] INFO org.springframework.test.context.support.AnnotationConfigContextLoaderUtils -- Could not detect default configuration classes for test class [com.starter.springboot.config.SecurityConfigurationTest]: SecurityConfigurationTest does not declare any static, non-private, non-final, nested classes annotated with @Configuration.
15:46:20.141 [main] INFO org.springframework.boot.test.context.SpringBootTestContextBootstrapper -- Found @SpringBootConfiguration com.starter.springboot.Application for test class com.starter.springboot.config.SecurityConfigurationTest

  .   ____          _            __ _ _
 /\\ / ___'_ __ _ _(_)_ __  __ _ \ \ \ \
( ( )\___ | '_ | '_| | '_ \/ _` | \ \ \ \
 \\/  ___)| |_)| | | | | || (_| |  ) ) ) )
  '  |____| .__|_| |_|_| |_\__, | / / / /
 =========|_|==============|___/=/_/_/_/
 :: Spring Boot ::                (v3.2.3)

2025-11-20T15:46:20.857+05:30  INFO 16480 --- [Starter Project] [           main] c.s.s.config.SecurityConfigurationTest   : Starting SecurityConfigurationTest using Java 17.0.9 with PID 16480 (started by Rahul.S in C:\Users\Rahul.S\OneDrive\Desktop\spring-boot-otp)
2025-11-20T15:46:20.859+05:30  INFO 16480 --- [Starter Project] [           main] c.s.s.config.SecurityConfigurationTest   : The following 1 profile is active: "dev"
2025-11-20T15:46:20.860+05:30 DEBUG 16480 --- [Starter Project] [           main] o.s.boot.SpringApplication               : Loading source class com.starter.springboot.Application
2025-11-20T15:46:20.904+05:30 DEBUG 16480 --- [Starter Project] [           main] o.s.w.c.s.GenericWebApplicationContext   : Refreshing org.springframework.web.context.support.GenericWebApplicationContext@53e3a87a
2025-11-20T15:46:23.059+05:30  INFO 16480 --- [Starter Project] [           main] .s.d.r.c.RepositoryConfigurationDelegate : Multiple Spring Data modules found, entering strict repository configuration mode
2025-11-20T15:46:23.063+05:30  INFO 16480 --- [Starter Project] [           main] .s.d.r.c.RepositoryConfigurationDelegate : Bootstrapping Spring Data JPA repositories in DEFAULT mode.
2025-11-20T15:46:23.104+05:30 DEBUG 16480 --- [Starter Project] [           main] o.s.b.a.AutoConfigurationPackages        : @EnableAutoConfiguration was declared on a class in the package 'com.starter.springboot'. Automatic @Repository and @Entity scanning is enabled.
2025-11-20T15:46:23.310+05:30  INFO 16480 --- [Starter Project] [           main] .s.d.r.c.RepositoryConfigurationDelegate : Finished Spring Data repository scanning in 230 ms. Found 5 JPA repository interfaces.
2025-11-20T15:46:23.329+05:30  INFO 16480 --- [Starter Project] [           main] .s.d.r.c.RepositoryConfigurationDelegate : Multiple Spring Data modules found, entering strict repository configuration mode
2025-11-20T15:46:23.331+05:30  INFO 16480 --- [Starter Project] [           main] .s.d.r.c.RepositoryConfigurationDelegate : Bootstrapping Spring Data Redis repositories in DEFAULT mode.
2025-11-20T15:46:23.358+05:30  INFO 16480 --- [Starter Project] [           main] .RepositoryConfigurationExtensionSupport : Spring Data Redis - Could not safely identify store assignment for repository candidate interface com.starter.springboot.repository.AuthorityRepository; If you want this repository to be a Redis repository, consider annotating your entities with one of these annotations: org.springframework.data.redis.core.RedisHash (preferred), or consider extending one of the following types with your repository: org.springframework.data.keyvalue.repository.KeyValueRepository
2025-11-20T15:46:23.358+05:30  INFO 16480 --- [Starter Project] [           main] .RepositoryConfigurationExtensionSupport : Spring Data Redis - Could not safely identify store assignment for repository candidate interface com.starter.springboot.repository.OtpAuditEntryRepository; If you want this repository to be a Redis repository, consider annotating your entities with one of these annotations: org.springframework.data.redis.core.RedisHash (preferred), or consider extending one of the following types with your repository: org.springframework.data.keyvalue.repository.KeyValueRepository
2025-11-20T15:46:23.359+05:30  INFO 16480 --- [Starter Project] [           main] .RepositoryConfigurationExtensionSupport : Spring Data Redis - Could not safely identify store assignment for repository candidate interface com.starter.springboot.repository.RefreshTokenRepository; If you want this repository to be a Redis repository, consider annotating your entities with one of these annotations: org.springframework.data.redis.core.RedisHash (preferred), or consider extending one of the following types with your repository: org.springframework.data.keyvalue.repository.KeyValueRepository
2025-11-20T15:46:23.361+05:30  INFO 16480 --- [Starter Project] [           main] .RepositoryConfigurationExtensionSupport : Spring Data Redis - Could not safely identify store assignment for repository candidate interface com.starter.springboot.repository.RoleRepository; If you want this repository to be a Redis repository, consider annotating your entities with one of these annotations: org.springframework.data.redis.core.RedisHash (preferred), or consider extending one of the following types with your repository: org.springframework.data.keyvalue.repository.KeyValueRepository
2025-11-20T15:46:23.361+05:30  INFO 16480 --- [Starter Project] [           main] .RepositoryConfigurationExtensionSupport : Spring Data Redis - Could not safely identify store assignment for repository candidate interface com.starter.springboot.repository.UserRepository; If you want this repository to be a Redis repository, consider annotating your entities with one of these annotations: org.springframework.data.redis.core.RedisHash (preferred), or consider extending one of the following types with your repository: org.springframework.data.keyvalue.repository.KeyValueRepository
2025-11-20T15:46:23.361+05:30  INFO 16480 --- [Starter Project] [           main] .s.d.r.c.RepositoryConfigurationDelegate : Finished Spring Data repository scanning in 16 ms. Found 0 Redis repository interfaces.
2025-11-20T15:46:26.998+05:30  INFO 16480 --- [Starter Project] [           main] o.s.o.j.p.SpringPersistenceUnitInfo      : No LoadTimeWeaver setup: ignoring JPA class transformer
2025-11-20T15:46:27.043+05:30  INFO 16480 --- [Starter Project] [           main] com.zaxxer.hikari.HikariDataSource       : MySQL Local Connection - Starting...
2025-11-20T15:46:27.291+05:30  INFO 16480 --- [Starter Project] [           main] com.zaxxer.hikari.pool.HikariPool        : MySQL Local Connection - Added connection com.mysql.cj.jdbc.ConnectionImpl@34dda1b4
2025-11-20T15:46:27.294+05:30  INFO 16480 --- [Starter Project] [           main] com.zaxxer.hikari.HikariDataSource       : MySQL Local Connection - Start completed.
2025-11-20T15:46:27.360+05:30  WARN 16480 --- [Starter Project] [           main] org.hibernate.orm.deprecation            : HHH90000025: MySQL8Dialect does not need to be specified explicitly using 'hibernate.dialect' (remove the property setting and it will be selected by default)
2025-11-20T15:46:27.361+05:30  WARN 16480 --- [Starter Project] [           main] org.hibernate.orm.deprecation            : HHH90000026: MySQL8Dialect has been deprecated; use org.hibernate.dialect.MySQLDialect instead
2025-11-20T15:46:28.928+05:30  INFO 16480 --- [Starter Project] [           main] j.LocalContainerEntityManagerFactoryBean : Initialized JPA EntityManagerFactory for persistence unit 'default'
2025-11-20T15:46:29.783+05:30  INFO 16480 --- [Starter Project] [           main] o.s.d.j.r.query.QueryEnhancerFactory     : Hibernate is in classpath; If applicable, HQL parser will be used.
2025-11-20T15:46:31.547+05:30 DEBUG 16480 --- [Starter Project] [           main] s.w.s.m.m.a.RequestMappingHandlerMapping : 14 mappings in 'requestMappingHandlerMapping'
2025-11-20T15:46:31.886+05:30 DEBUG 16480 --- [Starter Project] [           main] o.s.w.s.handler.SimpleUrlHandlerMapping  : Patterns [/webjars/**, /**, /swagger-ui*/*swagger-initializer.js, /swagger-ui*/**] in 'resourceHandlerMapping'
2025-11-20T15:46:32.698+05:30  INFO 16480 --- [Starter Project] [           main] o.s.b.a.e.web.EndpointLinksResolver      : Exposing 10 endpoint(s) beneath base path '/actuator'
2025-11-20T15:46:32.853+05:30  INFO 16480 --- [Starter Project] [           main] o.s.s.web.DefaultSecurityFilterChain     : Will secure any request with [org.springframework.security.web.session.DisableEncodeUrlFilter@12a57194, org.springframework.security.web.context.request.async.WebAsyncManagerIntegrationFilter@e198e7f, org.springframework.security.web.context.SecurityContextHolderFilter@6b41df80, org.springframework.security.web.header.HeaderWriterFilter@cf39749, org.springframework.web.filter.CorsFilter@c98dc7c, org.springframework.security.web.authentication.logout.LogoutFilter@4da86d09, com.starter.springboot.security.jwt.JWTFilter@1f17fe4c, org.springframework.security.web.savedrequest.RequestCacheAwareFilter@32eea4f7, org.springframework.security.web.servletapi.SecurityContextHolderAwareRequestFilter@40b415bb, org.springframework.security.web.authentication.AnonymousAuthenticationFilter@260715eb, org.springframework.security.web.session.SessionManagementFilter@442ca132, org.springframework.security.web.access.ExceptionTranslationFilter@8a1bd62, org.springframework.security.web.access.intercept.AuthorizationFilter@38bf7a37]
2025-11-20T15:46:33.250+05:30 DEBUG 16480 --- [Starter Project] [           main] s.w.s.m.m.a.RequestMappingHandlerAdapter : ControllerAdvice beans: 0 @ModelAttribute, 0 @InitBinder, 1 RequestBodyAdvice, 1 ResponseBodyAdvice
2025-11-20T15:46:34.262+05:30 DEBUG 16480 --- [Starter Project] [           main] o.s.b.w.s.ServletContextInitializerBeans : Mapping filters: webMvcObservationFilter urls=[/*] order=-2147483647, springSecurityFilterChain urls=[/*] order=-100, characterEncodingFilter urls=[/*] order=-2147483648, formContentFilter urls=[/*] order=-9900, requestContextFilter urls=[/*] order=-105
2025-11-20T15:46:34.262+05:30 DEBUG 16480 --- [Starter Project] [           main] o.s.b.w.s.ServletContextInitializerBeans : Mapping servlets: 
2025-11-20T15:46:34.295+05:30 DEBUG 16480 --- [Starter Project] [           main] s.b.w.s.f.OrderedCharacterEncodingFilter : Filter 'characterEncodingFilter' configured for use
2025-11-20T15:46:34.295+05:30 DEBUG 16480 --- [Starter Project] [           main] o.s.w.f.ServerHttpObservationFilter      : Filter 'webMvcObservationFilter' configured for use
2025-11-20T15:46:34.295+05:30 DEBUG 16480 --- [Starter Project] [           main] o.s.b.w.s.f.OrderedFormContentFilter     : Filter 'formContentFilter' configured for use
2025-11-20T15:46:34.296+05:30 DEBUG 16480 --- [Starter Project] [           main] o.s.b.w.s.f.OrderedRequestContextFilter  : Filter 'requestContextFilter' configured for use
2025-11-20T15:46:34.296+05:30 DEBUG 16480 --- [Starter Project] [           main] .DelegatingFilterProxyRegistrationBean$1 : Filter 'springSecurityFilterChain' configured for use
2025-11-20T15:46:34.297+05:30  INFO 16480 --- [Starter Project] [           main] o.s.b.t.m.w.SpringBootMockServletContext : Initializing Spring TestDispatcherServlet ''
2025-11-20T15:46:34.298+05:30  INFO 16480 --- [Starter Project] [           main] o.s.t.web.servlet.TestDispatcherServlet  : Initializing Servlet ''
2025-11-20T15:46:34.300+05:30  INFO 16480 --- [Starter Project] [           main] o.s.t.web.servlet.TestDispatcherServlet  : Completed initialization in 1 ms
2025-11-20T15:46:34.441+05:30  INFO 16480 --- [Starter Project] [           main] c.s.s.config.SecurityConfigurationTest   : Started SecurityConfigurationTest in 14.094 seconds (process running for 15.633)
2025-11-20T15:46:34.501+05:30 DEBUG 16480 --- [Starter Project] [           main] o.s.b.a.ApplicationAvailabilityBean      : Application availability state LivenessState changed to CORRECT
2025-11-20T15:46:34.505+05:30 DEBUG 16480 --- [Starter Project] [           main] o.s.b.a.ApplicationAvailabilityBean      : Application availability state ReadinessState changed to ACCEPTING_TRAFFIC
]]></system-out>
  </testcase>
  <testcase name="shouldPermitPublicApiEndpointsWithoutAuthentication" classname="com.starter.springboot.config.SecurityConfigurationTest" time="0.201">
    <system-out><![CDATA[2025-11-20T15:46:34.678+05:30 DEBUG 16480 --- [Starter Project] [           main] o.s.w.s.handler.SimpleUrlHandlerMapping  : Mapped to ResourceHttpRequestHandler [classpath [META-INF/resources/], classpath [resources/], classpath [static/], classpath [public/], ServletContext [/]]
2025-11-20T15:46:34.682+05:30 DEBUG 16480 --- [Starter Project] [           main] o.s.w.s.r.ResourceHttpRequestHandler     : Resource not found
2025-11-20T15:46:34.691+05:30 ERROR 16480 --- [Starter Project] [           main] c.s.s.exception.RestExceptionHandler     : Unhandled exception: NoResourceFoundException - No static resource api/public/test.
2025-11-20T15:46:34.753+05:30 DEBUG 16480 --- [Starter Project] [           main] o.s.w.s.m.m.a.HttpEntityMethodProcessor  : Using 'application/json', given [*/*] and supported [application/json, application/*+json]
2025-11-20T15:46:34.761+05:30 DEBUG 16480 --- [Starter Project] [           main] o.s.w.s.m.m.a.HttpEntityMethodProcessor  : Writing [ErrorResponse[timestamp=2025-11-20T10:16:34.692638200Z, status=500, error=Internal Server Error, mes (truncated)...]
]]></system-out>
  </testcase>
  <testcase name="shouldHaveHttpSecurityConfiguredWithProperAuthorization" classname="com.starter.springboot.config.SecurityConfigurationTest" time="0.042"/>
  <testcase name="shouldRequireAdminRoleForActuatorEndpoints" classname="com.starter.springboot.config.SecurityConfigurationTest" time="0.023"/>
  <testcase name="shouldPermitAuthEndpointsWithoutAuthentication" classname="com.starter.springboot.config.SecurityConfigurationTest" time="0.124">
    <system-out><![CDATA[2025-11-20T15:46:34.876+05:30 DEBUG 16480 --- [Starter Project] [           main] s.w.s.m.m.a.RequestMappingHandlerMapping : Mapped to com.starter.springboot.controller.AuthenticationController#authorize(LoginDTO)
2025-11-20T15:46:34.935+05:30 DEBUG 16480 --- [Starter Project] [           main] m.m.a.RequestResponseBodyMethodProcessor : Read "application/json;charset=UTF-8" to [com.starter.springboot.dto.LoginDTO@135a2a14]
2025-11-20T15:46:34.985+05:30 DEBUG 16480 --- [Starter Project] [           main] o.s.w.s.m.m.a.HttpEntityMethodProcessor  : Using 'application/json', given [*/*] and supported [application/json, application/*+json]
2025-11-20T15:46:34.985+05:30 DEBUG 16480 --- [Starter Project] [           main] o.s.w.s.m.m.a.HttpEntityMethodProcessor  : Writing [ErrorResponse[timestamp=2025-11-20T10:16:34.985709800Z, status=400, error=Bad Request, message=Valid (truncated)...]
]]></system-out>
  </testcase>
  <testcase name="shouldCreateSecurityEvaluationContextExtionBean" classname="com.starter.springboot.config.SecurityConfigurationTest" time="0.005"/>
  <testcase name="shouldHaveJwtFilterConfiguredInSecurityFilterChain" classname="com.starter.springboot.config.SecurityConfigurationTest" time="0.011"/>
  <testcase name="shouldSupportMultipleEncodingAttempts" classname="com.starter.springboot.config.SecurityConfigurationTest" time="0.546"/>
  <testcase name="shouldAllowAuthenticatedUsersToAccessGreeting" classname="com.starter.springboot.config.SecurityConfigurationTest" time="0.042">
    <system-out><![CDATA[2025-11-20T15:46:35.567+05:30 DEBUG 16480 --- [Starter Project] [           main] s.w.s.m.m.a.RequestMappingHandlerMapping : Mapped to com.starter.springboot.controller.GreetingController#hello()
2025-11-20T15:46:35.589+05:30 DEBUG 16480 --- [Starter Project] [           main] o.s.w.s.m.m.a.HttpEntityMethodProcessor  : Using 'application/json', given [*/*] and supported [application/json]
2025-11-20T15:46:35.592+05:30 DEBUG 16480 --- [Starter Project] [           main] o.s.w.s.m.m.a.HttpEntityMethodProcessor  : Writing [{message=Hello World!, timestamp=2025-11-20T10:16:35.588930200Z, status=SUCCESS}]
]]></system-out>
  </testcase>
  <testcase name="shouldEncodePasswordUsingBCryptPasswordEncoder" classname="com.starter.springboot.config.SecurityConfigurationTest" time="0.222"/>
  <testcase name="shouldHaveStatelessSessionPolicyConfigured" classname="com.starter.springboot.config.SecurityConfigurationTest" time="0.007"/>
  <testcase name="shouldConstructorInjectAllRequiredDependencies" classname="com.starter.springboot.config.SecurityConfigurationTest" time="0.004"/>
  <testcase name="shouldPermitActuatorEndpointsWithAdminRole" classname="com.starter.springboot.config.SecurityConfigurationTest" time="0.606">
    <system-out><![CDATA[2025-11-20T15:46:35.852+05:30 DEBUG 16480 --- [Starter Project] [           main] s.b.a.e.w.s.WebMvcEndpointHandlerMapping : Mapped to Actuator web endpoint 'health'
2025-11-20T15:46:35.856+05:30 DEBUG 16480 --- [Starter Project] [           main] m.m.a.RequestResponseBodyMethodProcessor : Read "application/octet-stream" to []
2025-11-20T15:46:36.427+05:30  WARN 16480 --- [Starter Project] [oundedElastic-1] o.s.b.a.d.r.RedisReactiveHealthIndicator : Redis health check failed

org.springframework.data.redis.RedisConnectionFailureException: Unable to connect to Redis
	at org.springframework.data.redis.connection.lettuce.LettuceConnectionFactory$ExceptionTranslatingConnectionProvider.translateException(LettuceConnectionFactory.java:1795) ~[spring-data-redis-3.2.3.jar:3.2.3]
	at org.springframework.data.redis.connection.lettuce.LettuceConnectionFactory$ExceptionTranslatingConnectionProvider.getConnection(LettuceConnectionFactory.java:1726) ~[spring-data-redis-3.2.3.jar:3.2.3]
	at org.springframework.data.redis.connection.lettuce.LettuceConnectionFactory$SharedConnection.getNativeConnection(LettuceConnectionFactory.java:1528) ~[spring-data-redis-3.2.3.jar:3.2.3]
	at org.springframework.data.redis.connection.lettuce.LettuceConnectionFactory$SharedConnection.lambda$getConnection$0(LettuceConnectionFactory.java:1508) ~[spring-data-redis-3.2.3.jar:3.2.3]
	at org.springframework.data.redis.connection.lettuce.LettuceConnectionFactory.doInLock(LettuceConnectionFactory.java:1469) ~[spring-data-redis-3.2.3.jar:3.2.3]
	at org.springframework.data.redis.connection.lettuce.LettuceConnectionFactory$SharedConnection.getConnection(LettuceConnectionFactory.java:1505) ~[spring-data-redis-3.2.3.jar:3.2.3]
	at org.springframework.data.redis.connection.lettuce.LettuceConnectionFactory.getSharedReactiveConnection(LettuceConnectionFactory.java:1216) ~[spring-data-redis-3.2.3.jar:3.2.3]
	at org.springframework.data.redis.connection.lettuce.LettuceConnectionFactory.getReactiveConnection(LettuceConnectionFactory.java:1091) ~[spring-data-redis-3.2.3.jar:3.2.3]
	at org.springframework.data.redis.connection.lettuce.LettuceConnectionFactory.getReactiveConnection(LettuceConnectionFactory.java:118) ~[spring-data-redis-3.2.3.jar:3.2.3]
	at reactor.core.publisher.MonoSupplier.call(MonoSupplier.java:67) ~[reactor-core-3.6.3.jar:3.6.3]
	at reactor.core.publisher.FluxSubscribeOnCallable$CallableSubscribeOnSubscription.run(FluxSubscribeOnCallable.java:228) ~[reactor-core-3.6.3.jar:3.6.3]
	at reactor.core.scheduler.SchedulerTask.call(SchedulerTask.java:68) ~[reactor-core-3.6.3.jar:3.6.3]
	at reactor.core.scheduler.SchedulerTask.call(SchedulerTask.java:28) ~[reactor-core-3.6.3.jar:3.6.3]
	at java.base/java.util.concurrent.FutureTask.run(FutureTask.java:264) ~[na:na]
	at java.base/java.util.concurrent.ScheduledThreadPoolExecutor$ScheduledFutureTask.run(ScheduledThreadPoolExecutor.java:304) ~[na:na]
	at java.base/java.util.concurrent.ThreadPoolExecutor.runWorker(ThreadPoolExecutor.java:1136) ~[na:na]
	at java.base/java.util.concurrent.ThreadPoolExecutor$Worker.run(ThreadPoolExecutor.java:635) ~[na:na]
	at java.base/java.lang.Thread.run(Thread.java:840) ~[na:na]
Caused by: org.springframework.data.redis.connection.PoolException: Could not get a resource from the pool
	at org.springframework.data.redis.connection.lettuce.LettucePoolingConnectionProvider.getConnection(LettucePoolingConnectionProvider.java:104) ~[spring-data-redis-3.2.3.jar:3.2.3]
	at org.springframework.data.redis.connection.lettuce.LettuceConnectionFactory$ExceptionTranslatingConnectionProvider.getConnection(LettuceConnectionFactory.java:1724) ~[spring-data-redis-3.2.3.jar:3.2.3]
	... 16 common frames omitted
Caused by: io.lettuce.core.RedisConnectionException: Unable to connect to localhost/<unresolved>:6379
	at io.lettuce.core.RedisConnectionException.create(RedisConnectionException.java:78) ~[lettuce-core-6.3.1.RELEASE.jar:6.3.1.RELEASE/12e6995]
	at io.lettuce.core.RedisConnectionException.create(RedisConnectionException.java:56) ~[lettuce-core-6.3.1.RELEASE.jar:6.3.1.RELEASE/12e6995]
	at io.lettuce.core.AbstractRedisClient.getConnection(AbstractRedisClient.java:350) ~[lettuce-core-6.3.1.RELEASE.jar:6.3.1.RELEASE/12e6995]
	at io.lettuce.core.RedisClient.connect(RedisClient.java:215) ~[lettuce-core-6.3.1.RELEASE.jar:6.3.1.RELEASE/12e6995]
	at org.springframework.data.redis.connection.lettuce.StandaloneConnectionProvider.lambda$getConnection$1(StandaloneConnectionProvider.java:112) ~[spring-data-redis-3.2.3.jar:3.2.3]
	at java.base/java.util.Optional.orElseGet(Optional.java:364) ~[na:na]
	at org.springframework.data.redis.connection.lettuce.StandaloneConnectionProvider.getConnection(StandaloneConnectionProvider.java:112) ~[spring-data-redis-3.2.3.jar:3.2.3]
	at org.springframework.data.redis.connection.lettuce.LettucePoolingConnectionProvider.lambda$getConnection$0(LettucePoolingConnectionProvider.java:93) ~[spring-data-redis-3.2.3.jar:3.2.3]
	at io.lettuce.core.support.ConnectionPoolSupport$RedisPooledObjectFactory.create(ConnectionPoolSupport.java:211) ~[lettuce-core-6.3.1.RELEASE.jar:6.3.1.RELEASE/12e6995]
	at io.lettuce.core.support.ConnectionPoolSupport$RedisPooledObjectFactory.create(ConnectionPoolSupport.java:201) ~[lettuce-core-6.3.1.RELEASE.jar:6.3.1.RELEASE/12e6995]
	at org.apache.commons.pool2.BasePooledObjectFactory.makeObject(BasePooledObjectFactory.java:71) ~[commons-pool2-2.12.0.jar:2.12.0]
	at org.apache.commons.pool2.impl.GenericObjectPool.create(GenericObjectPool.java:566) ~[commons-pool2-2.12.0.jar:2.12.0]
	at org.apache.commons.pool2.impl.GenericObjectPool.borrowObject(GenericObjectPool.java:306) ~[commons-pool2-2.12.0.jar:2.12.0]
	at org.apache.commons.pool2.impl.GenericObjectPool.borrowObject(GenericObjectPool.java:233) ~[commons-pool2-2.12.0.jar:2.12.0]
	at io.lettuce.core.support.ConnectionPoolSupport$1.borrowObject(ConnectionPoolSupport.java:122) ~[lettuce-core-6.3.1.RELEASE.jar:6.3.1.RELEASE/12e6995]
	at io.lettuce.core.support.ConnectionPoolSupport$1.borrowObject(ConnectionPoolSupport.java:117) ~[lettuce-core-6.3.1.RELEASE.jar:6.3.1.RELEASE/12e6995]
	at org.springframework.data.redis.connection.lettuce.LettucePoolingConnectionProvider.getConnection(LettucePoolingConnectionProvider.java:99) ~[spring-data-redis-3.2.3.jar:3.2.3]
	... 17 common frames omitted
Caused by: io.netty.channel.AbstractChannel$AnnotatedConnectException: Connection refused: no further information: localhost/127.0.0.1:6379: localhost/127.0.0.1:6379
Caused by: java.net.ConnectException: Connection refused: no further information: localhost/127.0.0.1:6379
	at java.base/sun.nio.ch.Net.pollConnect(Native Method) ~[na:na]
	at java.base/sun.nio.ch.Net.pollConnectNow(Net.java:672) ~[na:na]
	at java.base/sun.nio.ch.SocketChannelImpl.finishConnect(SocketChannelImpl.java:946) ~[na:na]
	at io.netty.channel.socket.nio.NioSocketChannel.doFinishConnect(NioSocketChannel.java:337) ~[netty-transport-4.1.107.Final.jar:4.1.107.Final]
	at io.netty.channel.nio.AbstractNioChannel$AbstractNioUnsafe.finishConnect(AbstractNioChannel.java:335) ~[netty-transport-4.1.107.Final.jar:4.1.107.Final]
	at io.netty.channel.nio.NioEventLoop.processSelectedKey(NioEventLoop.java:776) ~[netty-transport-4.1.107.Final.jar:4.1.107.Final]
	at io.netty.channel.nio.NioEventLoop.processSelectedKeysOptimized(NioEventLoop.java:724) ~[netty-transport-4.1.107.Final.jar:4.1.107.Final]
	at io.netty.channel.nio.NioEventLoop.processSelectedKeys(NioEventLoop.java:650) ~[netty-transport-4.1.107.Final.jar:4.1.107.Final]
	at io.netty.channel.nio.NioEventLoop.run(NioEventLoop.java:562) ~[netty-transport-4.1.107.Final.jar:4.1.107.Final]
	at io.netty.util.concurrent.SingleThreadEventExecutor$4.run(SingleThreadEventExecutor.java:997) ~[netty-common-4.1.107.Final.jar:4.1.107.Final]
	at io.netty.util.internal.ThreadExecutorMap$2.run(ThreadExecutorMap.java:74) ~[netty-common-4.1.107.Final.jar:4.1.107.Final]
	at io.netty.util.concurrent.FastThreadLocalRunnable.run(FastThreadLocalRunnable.java:30) ~[netty-common-4.1.107.Final.jar:4.1.107.Final]
	at java.base/java.lang.Thread.run(Thread.java:840) ~[na:na]

2025-11-20T15:46:36.436+05:30 DEBUG 16480 --- [Starter Project] [           main] o.s.w.s.m.m.a.HttpEntityMethodProcessor  : Using 'application/vnd.spring-boot.actuator.v3+json', given [*/*] and supported [application/vnd.spring-boot.actuator.v3+json, application/vnd.spring-boot.actuator.v2+json, application/json]
2025-11-20T15:46:36.444+05:30 DEBUG 16480 --- [Starter Project] [           main] o.s.w.s.m.m.a.HttpEntityMethodProcessor  : Writing [org.springframework.boot.actuate.health.SystemHealth@66ee50b6]
]]></system-out>
  </testcase>
  <testcase name="shouldPermitSwaggerEndpointsWithoutAuthentication" classname="com.starter.springboot.config.SecurityConfigurationTest" time="1.054">
    <system-out><![CDATA[2025-11-20T15:46:36.457+05:30 DEBUG 16480 --- [Starter Project] [           main] s.w.s.m.m.a.RequestMappingHandlerMapping : Mapped to org.springdoc.webmvc.api.OpenApiWebMvcResource#openapiJson(HttpServletRequest, String, Locale)
2025-11-20T15:46:37.469+05:30  INFO 16480 --- [Starter Project] [           main] o.springdoc.api.AbstractOpenApiResource  : Init duration for springdoc-openapi is: 998 ms
2025-11-20T15:46:37.492+05:30 DEBUG 16480 --- [Starter Project] [           main] m.m.a.RequestResponseBodyMethodProcessor : Using 'application/json', given [*/*] and supported [application/json]
2025-11-20T15:46:37.497+05:30 DEBUG 16480 --- [Starter Project] [           main] m.m.a.RequestResponseBodyMethodProcessor : Writing [{123, 34, 111, 112, 101, 110, 97, 112, 105, 34, 58, 34, 51, 46, 48, 46, 49, 34, 44, 34, 105, 110, 10 (truncated)...]
]]></system-out>
  </testcase>
  <testcase name="shouldDenyUnauthenticatedAccessToProtectedApiEndpoints" classname="com.starter.springboot.config.SecurityConfigurationTest" time="0.007"/>
  <testcase name="shouldHaveCsrfProtectionDisabled" classname="com.starter.springboot.config.SecurityConfigurationTest" time="0.012">
    <system-out><![CDATA[2025-11-20T15:46:37.522+05:30 DEBUG 16480 --- [Starter Project] [           main] s.w.s.m.m.a.RequestMappingHandlerMapping : Mapped to com.starter.springboot.controller.AuthenticationController#authorize(LoginDTO)
2025-11-20T15:46:37.522+05:30 DEBUG 16480 --- [Starter Project] [           main] m.m.a.RequestResponseBodyMethodProcessor : Read "application/json;charset=UTF-8" to [com.starter.springboot.dto.LoginDTO@8eebc81]
2025-11-20T15:46:37.523+05:30 DEBUG 16480 --- [Starter Project] [           main] o.s.w.s.m.m.a.HttpEntityMethodProcessor  : Using 'application/json', given [*/*] and supported [application/json, application/*+json]
2025-11-20T15:46:37.524+05:30 DEBUG 16480 --- [Starter Project] [           main] o.s.w.s.m.m.a.HttpEntityMethodProcessor  : Writing [ErrorResponse[timestamp=2025-11-20T10:16:37.523480700Z, status=400, error=Bad Request, message=Valid (truncated)...]
]]></system-out>
  </testcase>
  <testcase name="shouldEnableMethodSecurityWithPrePostAndSecuredEnabled" classname="com.starter.springboot.config.SecurityConfigurationTest" time="0.007"/>
  <testcase name="shouldCreateAuthenticationManagerBean" classname="com.starter.springboot.config.SecurityConfigurationTest" time="0.006"/>
  <testcase name="shouldHaveFrameOptionsDisabledForH2ConsoleCompatibility" classname="com.starter.springboot.config.SecurityConfigurationTest" time="0.012">
    <system-out><![CDATA[2025-11-20T15:46:37.550+05:30 DEBUG 16480 --- [Starter Project] [           main] o.s.w.s.handler.SimpleUrlHandlerMapping  : Mapped to ResourceHttpRequestHandler [classpath [META-INF/resources/], classpath [resources/], classpath [static/], classpath [public/], ServletContext [/]]
2025-11-20T15:46:37.551+05:30 DEBUG 16480 --- [Starter Project] [           main] o.s.w.s.r.ResourceHttpRequestHandler     : Resource not found
2025-11-20T15:46:37.551+05:30 ERROR 16480 --- [Starter Project] [           main] c.s.s.exception.RestExceptionHandler     : Unhandled exception: NoResourceFoundException - No static resource .
2025-11-20T15:46:37.551+05:30 DEBUG 16480 --- [Starter Project] [           main] o.s.w.s.m.m.a.HttpEntityMethodProcessor  : Using 'application/json', given [*/*] and supported [application/json, application/*+json]
2025-11-20T15:46:37.552+05:30 DEBUG 16480 --- [Starter Project] [           main] o.s.w.s.m.m.a.HttpEntityMethodProcessor  : Writing [ErrorResponse[timestamp=2025-11-20T10:16:37.551681700Z, status=500, error=Internal Server Error, mes (truncated)...]
]]></system-out>
  </testcase>
  <testcase name="shouldCreatePasswordEncoderBeanAsBCryptPasswordEncoder" classname="com.starter.springboot.config.SecurityConfigurationTest" time="0.006"/>
  <testcase name="shouldConfigureExceptionHandlingWithCustomAuthenticationEntryPoint" classname="com.starter.springboot.config.SecurityConfigurationTest" time="0.01"/>
  <testcase name="shouldCreateSecurityFilterChainConfiguration" classname="com.starter.springboot.config.SecurityConfigurationTest" time="0.004"/>
</testsuite>