<?xml version="1.0" encoding="UTF-8"?>
<testsuite xmlns:xsi="http://www.w3.org/2001/XMLSchema-instance" xsi:noNamespaceSchemaLocation="https://maven.apache.org/surefire/maven-surefire-plugin/xsd/surefire-test-report-3.0.xsd" version="3.0" name="com.starter.springboot.controller.AuthenticationControllerTest" time="4.153" tests="27" errors="0" skipped="0" failures="0">
  <properties>
[...]
</properties>
  <testcase name="testInvalidOtpVerification" classname="com.starter.springboot.controller.AuthenticationControllerTest" time="1.629">
    <system-out><![CDATA[2025-12-12 12:36:41 - [] - [] - 5 mappings in org.springframework.web.servlet.mvc.method.annotation.RequestMappingHandlerMapping
2025-12-12 12:36:41 - [] - [] - ControllerAdvice beans: 0 @ModelAttribute, 0 @InitBinder, 1 RequestBodyAdvice, 1 ResponseBodyAdvice
2025-12-12 12:36:41 - [] - [] - Initializing Spring TestDispatcherServlet ''
2025-12-12 12:36:41 - [] - [] - Initializing Servlet ''
2025-12-12 12:36:41 - [] - [] - Completed initialization in 1 ms
2025-12-12 12:36:41 - [] - [] - Mapped to com.starter.springboot.controller.AuthenticationController#verifyOtp(VerifyTokenRequestDTO)
2025-12-12 12:36:42 - [] - [] - Read "application/json" to [com.starter.springboot.dto.VerifyTokenRequestDTO@15878bb8]
2025-12-12 12:36:42 - [] - [] - OTP validation failed for user: diona.smith with status INVALID
2025-12-12 12:36:42 - [] - [] - Using 'application/json', given [*/*] and supported [application/json, application/*+json]
2025-12-12 12:36:42 - [] - [] - Writing [AuthResponseDTO[username=diona.smith, status=FAILED, message=Invalid OTP provided., otpRequired=fals (truncated)...]
]]></system-out>
  </testcase>
  <testcase name="testRefreshTokenWithExpiredToken" classname="com.starter.springboot.controller.AuthenticationControllerTest" time="0.084">
    <system-out><![CDATA[2025-12-12 12:36:42 - [] - [] - 5 mappings in org.springframework.web.servlet.mvc.method.annotation.RequestMappingHandlerMapping
2025-12-12 12:36:42 - [] - [] - ControllerAdvice beans: 0 @ModelAttribute, 0 @InitBinder, 1 RequestBodyAdvice, 1 ResponseBodyAdvice
2025-12-12 12:36:42 - [] - [] - Initializing Spring TestDispatcherServlet ''
2025-12-12 12:36:42 - [] - [] - Initializing Servlet ''
2025-12-12 12:36:42 - [] - [] - Completed initialization in 0 ms
2025-12-12 12:36:42 - [] - [] - Mapped to com.starter.springboot.controller.AuthenticationController#refreshToken(RefreshTokenRequestDTO)
2025-12-12 12:36:42 - [] - [] - Read "application/json" to [RefreshTokenRequestDTO[refreshToken=expired-refresh-token]]
2025-12-12 12:36:42 - [] - [] - Token refresh failed: Invalid refresh token
2025-12-12 12:36:42 - [] - [] - Using 'application/json', given [*/*] and supported [application/json, application/*+json]
2025-12-12 12:36:42 - [] - [] - Writing [AuthResponseDTO[username=null, status=FAILED, message=Invalid refresh token, otpRequired=false, toke (truncated)...]
]]></system-out>
  </testcase>
  <testcase name="testGoogleOAuthWithInvalidToken" classname="com.starter.springboot.controller.AuthenticationControllerTest" time="0.167">
    <system-out><![CDATA[2025-12-12 12:36:42 - [] - [] - 5 mappings in org.springframework.web.servlet.mvc.method.annotation.RequestMappingHandlerMapping
2025-12-12 12:36:42 - [] - [] - ControllerAdvice beans: 0 @ModelAttribute, 0 @InitBinder, 1 RequestBodyAdvice, 1 ResponseBodyAdvice
2025-12-12 12:36:42 - [] - [] - Initializing Spring TestDispatcherServlet ''
2025-12-12 12:36:42 - [] - [] - Initializing Servlet ''
2025-12-12 12:36:42 - [] - [] - Completed initialization in 2 ms
2025-12-12 12:36:42 - [] - [] - Mapped to com.starter.springboot.controller.AuthenticationController#googleOAuth(GoogleTokenDTO)
2025-12-12 12:36:42 - [] - [] - Read "application/json" to [com.starter.springboot.dto.GoogleTokenDTO@5e91142c]
2025-12-12 12:36:42 - [] - [] - Google OAuth authentication attempt
2025-12-12 12:36:42 - [] - [] - Google OAuth authentication failed: Invalid ID token
2025-12-12 12:36:42 - [] - [] - Using 'application/json', given [*/*] and supported [application/json, application/*+json]
2025-12-12 12:36:42 - [] - [] - Writing [AuthResponseDTO[username=null, status=FAILED, message=Invalid Google ID token, otpRequired=false, to (truncated)...]
]]></system-out>
  </testcase>
  <testcase name="testCreateNewGoogleOAuthUserWithoutRememberMe" classname="com.starter.springboot.controller.AuthenticationControllerTest" time="0.177">
    <system-out><![CDATA[2025-12-12 12:36:42 - [] - [] - 5 mappings in org.springframework.web.servlet.mvc.method.annotation.RequestMappingHandlerMapping
2025-12-12 12:36:42 - [] - [] - ControllerAdvice beans: 0 @ModelAttribute, 0 @InitBinder, 1 RequestBodyAdvice, 1 ResponseBodyAdvice
2025-12-12 12:36:42 - [] - [] - Initializing Spring TestDispatcherServlet ''
2025-12-12 12:36:42 - [] - [] - Initializing Servlet ''
2025-12-12 12:36:42 - [] - [] - Completed initialization in 2 ms
2025-12-12 12:36:42 - [] - [] - Mapped to com.starter.springboot.controller.AuthenticationController#googleOAuth(GoogleTokenDTO)
2025-12-12 12:36:42 - [] - [] - Read "application/json" to [com.starter.springboot.dto.GoogleTokenDTO@4e32e1f9]
2025-12-12 12:36:42 - [] - [] - Google OAuth authentication attempt
2025-12-12 12:36:42 - [] - [] - Google OAuth authentication successful for user: newuser@gmail.com
2025-12-12 12:36:42 - [] - [] - Using 'application/json', given [*/*] and supported [application/json, application/*+json]
2025-12-12 12:36:42 - [] - [] - Writing [AuthResponseDTO[username=newuser@gmail.com, status=SUCCESS, message=Authentication successful, otpRe (truncated)...]
]]></system-out>
  </testcase>
  <testcase name="testGoogleOAuthWithEmptyUserInfo" classname="com.starter.springboot.controller.AuthenticationControllerTest" time="0.085">
    <system-out><![CDATA[2025-12-12 12:36:42 - [] - [] - 5 mappings in org.springframework.web.servlet.mvc.method.annotation.RequestMappingHandlerMapping
2025-12-12 12:36:42 - [] - [] - ControllerAdvice beans: 0 @ModelAttribute, 0 @InitBinder, 1 RequestBodyAdvice, 1 ResponseBodyAdvice
2025-12-12 12:36:42 - [] - [] - Initializing Spring TestDispatcherServlet ''
2025-12-12 12:36:42 - [] - [] - Initializing Servlet ''
2025-12-12 12:36:42 - [] - [] - Completed initialization in 1 ms
2025-12-12 12:36:42 - [] - [] - Mapped to com.starter.springboot.controller.AuthenticationController#googleOAuth(GoogleTokenDTO)
2025-12-12 12:36:42 - [] - [] - Read "application/json" to [com.starter.springboot.dto.GoogleTokenDTO@3d8e2b96]
2025-12-12 12:36:42 - [] - [] - Google OAuth authentication attempt
2025-12-12 12:36:42 - [] - [] - Google OAuth authentication failed: Invalid ID token
2025-12-12 12:36:42 - [] - [] - Using 'application/json', given [*/*] and supported [application/json, application/*+json]
2025-12-12 12:36:42 - [] - [] - Writing [AuthResponseDTO[username=null, status=FAILED, message=Invalid Google ID token, otpRequired=false, to (truncated)...]
]]></system-out>
  </testcase>
  <testcase name="testAuthenticationExceptionHandling" classname="com.starter.springboot.controller.AuthenticationControllerTest" time="0.062">
    <system-out><![CDATA[2025-12-12 12:36:42 - [] - [] - 5 mappings in org.springframework.web.servlet.mvc.method.annotation.RequestMappingHandlerMapping
2025-12-12 12:36:42 - [] - [] - ControllerAdvice beans: 0 @ModelAttribute, 0 @InitBinder, 1 RequestBodyAdvice, 1 ResponseBodyAdvice
2025-12-12 12:36:42 - [] - [] - Initializing Spring TestDispatcherServlet ''
2025-12-12 12:36:42 - [] - [] - Initializing Servlet ''
2025-12-12 12:36:42 - [] - [] - Completed initialization in 0 ms
2025-12-12 12:36:42 - [] - [] - Mapped to com.starter.springboot.controller.AuthenticationController#authorize(LoginDTO)
2025-12-12 12:36:42 - [] - [] - Read "application/json" to [com.starter.springboot.dto.LoginDTO@3abb7923]
2025-12-12 12:36:42 - [] - [] - Authentication attempt for user: diona.smith
2025-12-12 12:36:42 - [] - [] - Authentication failed for user: diona.smith: Account locked
2025-12-12 12:36:42 - [] - [] - Using 'application/json', given [*/*] and supported [application/json, application/*+json]
2025-12-12 12:36:42 - [] - [] - Writing [AuthResponseDTO[username=diona.smith, status=FAILED, message=Account locked, otpRequired=false, toke (truncated)...]
]]></system-out>
  </testcase>
  <testcase name="testInvalidUsernameOrPassword" classname="com.starter.springboot.controller.AuthenticationControllerTest" time="0.172">
    <system-out><![CDATA[2025-12-12 12:36:42 - [] - [] - 5 mappings in org.springframework.web.servlet.mvc.method.annotation.RequestMappingHandlerMapping
2025-12-12 12:36:42 - [] - [] - ControllerAdvice beans: 0 @ModelAttribute, 0 @InitBinder, 1 RequestBodyAdvice, 1 ResponseBodyAdvice
2025-12-12 12:36:42 - [] - [] - Initializing Spring TestDispatcherServlet ''
2025-12-12 12:36:42 - [] - [] - Initializing Servlet ''
2025-12-12 12:36:42 - [] - [] - Completed initialization in 0 ms
2025-12-12 12:36:42 - [] - [] - Mapped to com.starter.springboot.controller.AuthenticationController#authorize(LoginDTO)
2025-12-12 12:36:42 - [] - [] - Read "application/json" to [com.starter.springboot.dto.LoginDTO@462af4cf]
2025-12-12 12:36:42 - [] - [] - Authentication attempt for user: diona.smith
2025-12-12 12:36:42 - [] - [] - Authentication failed for user: diona.smith due to bad credentials
2025-12-12 12:36:42 - [] - [] - Using 'application/json', given [*/*] and supported [application/json, application/*+json]
2025-12-12 12:36:42 - [] - [] - Writing [AuthResponseDTO[username=diona.smith, status=FAILED, message=Invalid credentials, otpRequired=false, (truncated)...]
]]></system-out>
  </testcase>
  <testcase name="testSetPassword_RateLimitExceeded" classname="com.starter.springboot.controller.AuthenticationControllerTest" time="0.06">
    <system-out><![CDATA[2025-12-12 12:36:43 - [] - [] - 5 mappings in org.springframework.web.servlet.mvc.method.annotation.RequestMappingHandlerMapping
2025-12-12 12:36:43 - [] - [] - ControllerAdvice beans: 0 @ModelAttribute, 0 @InitBinder, 1 RequestBodyAdvice, 1 ResponseBodyAdvice
2025-12-12 12:36:43 - [] - [] - Initializing Spring TestDispatcherServlet ''
2025-12-12 12:36:43 - [] - [] - Initializing Servlet ''
2025-12-12 12:36:43 - [] - [] - Completed initialization in 0 ms
2025-12-12 12:36:43 - [] - [] - Mapped to com.starter.springboot.controller.AuthenticationController#setPassword(SetPasswordDTO)
2025-12-12 12:36:43 - [] - [] - Read "application/json" to [com.starter.springboot.dto.SetPasswordDTO@25b8748]
2025-12-12 12:36:43 - [] - [] - Using 'application/json', given [*/*] and supported [application/json, application/*+json]
2025-12-12 12:36:43 - [] - [] - Writing [SetPasswordResponseDTO[status=FAILED, message=Too many password reset attempts. Please try again lat (truncated)...]
]]></system-out>
  </testcase>
  <testcase name="testTokenRotationDuringRefresh" classname="com.starter.springboot.controller.AuthenticationControllerTest" time="0.068">
    <system-out><![CDATA[2025-12-12 12:36:43 - [] - [] - 5 mappings in org.springframework.web.servlet.mvc.method.annotation.RequestMappingHandlerMapping
2025-12-12 12:36:43 - [] - [] - ControllerAdvice beans: 0 @ModelAttribute, 0 @InitBinder, 1 RequestBodyAdvice, 1 ResponseBodyAdvice
2025-12-12 12:36:43 - [] - [] - Initializing Spring TestDispatcherServlet ''
2025-12-12 12:36:43 - [] - [] - Initializing Servlet ''
2025-12-12 12:36:43 - [] - [] - Completed initialization in 1 ms
2025-12-12 12:36:43 - [] - [] - Mapped to com.starter.springboot.controller.AuthenticationController#refreshToken(RefreshTokenRequestDTO)
2025-12-12 12:36:43 - [] - [] - Read "application/json" to [RefreshTokenRequestDTO[refreshToken=old-refresh-token-value]]
2025-12-12 12:36:43 - [] - [] - Token refreshed successfully for user: testuser
2025-12-12 12:36:43 - [] - [] - Using 'application/json', given [*/*] and supported [application/json, application/*+json]
2025-12-12 12:36:43 - [] - [] - Writing [AuthResponseDTO[username=testuser, status=SUCCESS, message=Authentication successful, otpRequired=fa (truncated)...]
]]></system-out>
  </testcase>
  <testcase name="testAuthenticationRequiresOtp" classname="com.starter.springboot.controller.AuthenticationControllerTest" time="0.05">
    <system-out><![CDATA[2025-12-12 12:36:43 - [] - [] - 5 mappings in org.springframework.web.servlet.mvc.method.annotation.RequestMappingHandlerMapping
2025-12-12 12:36:43 - [] - [] - ControllerAdvice beans: 0 @ModelAttribute, 0 @InitBinder, 1 RequestBodyAdvice, 1 ResponseBodyAdvice
2025-12-12 12:36:43 - [] - [] - Initializing Spring TestDispatcherServlet ''
2025-12-12 12:36:43 - [] - [] - Initializing Servlet ''
2025-12-12 12:36:43 - [] - [] - Completed initialization in 1 ms
2025-12-12 12:36:43 - [] - [] - Mapped to com.starter.springboot.controller.AuthenticationController#authorize(LoginDTO)
2025-12-12 12:36:43 - [] - [] - Read "application/json" to [com.starter.springboot.dto.LoginDTO@40c925a1]
2025-12-12 12:36:43 - [] - [] - Authentication attempt for user: diona.smith
2025-12-12 12:36:43 - [] - [] - Authentication completed for user: diona.smith
2025-12-12 12:36:43 - [] - [] - Using 'application/json', given [*/*] and supported [application/json, application/*+json]
2025-12-12 12:36:43 - [] - [] - Writing [AuthResponseDTO[username=diona.smith, status=OTP_PENDING, message=OTP required for authentication, o (truncated)...]
]]></system-out>
  </testcase>
  <testcase name="testRefreshTokenWithServiceException" classname="com.starter.springboot.controller.AuthenticationControllerTest" time="0.058">
    <system-out><![CDATA[2025-12-12 12:36:43 - [] - [] - 5 mappings in org.springframework.web.servlet.mvc.method.annotation.RequestMappingHandlerMapping
2025-12-12 12:36:43 - [] - [] - ControllerAdvice beans: 0 @ModelAttribute, 0 @InitBinder, 1 RequestBodyAdvice, 1 ResponseBodyAdvice
2025-12-12 12:36:43 - [] - [] - Initializing Spring TestDispatcherServlet ''
2025-12-12 12:36:43 - [] - [] - Initializing Servlet ''
2025-12-12 12:36:43 - [] - [] - Completed initialization in 0 ms
2025-12-12 12:36:43 - [] - [] - Mapped to com.starter.springboot.controller.AuthenticationController#refreshToken(RefreshTokenRequestDTO)
2025-12-12 12:36:43 - [] - [] - Read "application/json" to [RefreshTokenRequestDTO[refreshToken=problematic-token]]
2025-12-12 12:36:43 - [] - [] - Token refresh failed: Database error
2025-12-12 12:36:43 - [] - [] - Using 'application/json', given [*/*] and supported [application/json, application/*+json]
2025-12-12 12:36:43 - [] - [] - Writing [AuthResponseDTO[username=null, status=FAILED, message=Invalid refresh token, otpRequired=false, toke (truncated)...]
]]></system-out>
  </testcase>
  <testcase name="testSuccessfulOtpVerification" classname="com.starter.springboot.controller.AuthenticationControllerTest" time="0.113">
    <system-out><![CDATA[2025-12-12 12:36:43 - [] - [] - 5 mappings in org.springframework.web.servlet.mvc.method.annotation.RequestMappingHandlerMapping
2025-12-12 12:36:43 - [] - [] - ControllerAdvice beans: 0 @ModelAttribute, 0 @InitBinder, 1 RequestBodyAdvice, 1 ResponseBodyAdvice
2025-12-12 12:36:43 - [] - [] - Initializing Spring TestDispatcherServlet ''
2025-12-12 12:36:43 - [] - [] - Initializing Servlet ''
2025-12-12 12:36:43 - [] - [] - Completed initialization in 2 ms
2025-12-12 12:36:43 - [] - [] - Mapped to com.starter.springboot.controller.AuthenticationController#verifyOtp(VerifyTokenRequestDTO)
2025-12-12 12:36:43 - [] - [] - Read "application/json" to [com.starter.springboot.dto.VerifyTokenRequestDTO@4461c22]
2025-12-12 12:36:43 - [] - [] - OTP verified successfully for user: diona.smith
2025-12-12 12:36:43 - [] - [] - Using 'application/json', given [*/*] and supported [application/json, application/*+json]
2025-12-12 12:36:43 - [] - [] - Writing [AuthResponseDTO[username=diona.smith, status=SUCCESS, message=Authentication successful, otpRequired (truncated)...]
]]></system-out>
  </testcase>
  <testcase name="testRefreshTokenWithMissingToken" classname="com.starter.springboot.controller.AuthenticationControllerTest" time="0.083">
    <system-out><![CDATA[2025-12-12 12:36:43 - [] - [] - 5 mappings in org.springframework.web.servlet.mvc.method.annotation.RequestMappingHandlerMapping
2025-12-12 12:36:43 - [] - [] - ControllerAdvice beans: 0 @ModelAttribute, 0 @InitBinder, 1 RequestBodyAdvice, 1 ResponseBodyAdvice
2025-12-12 12:36:43 - [] - [] - Initializing Spring TestDispatcherServlet ''
2025-12-12 12:36:43 - [] - [] - Initializing Servlet ''
2025-12-12 12:36:43 - [] - [] - Completed initialization in 0 ms
2025-12-12 12:36:43 - [] - [] - Mapped to com.starter.springboot.controller.AuthenticationController#refreshToken(RefreshTokenRequestDTO)
2025-12-12 12:36:43 - [] - [] - Read "application/json" to [RefreshTokenRequestDTO[refreshToken=null]]
2025-12-12 12:36:43 - [] - [] - Resolved [org.springframework.web.bind.MethodArgumentNotValidException: Validation failed for argument [0] in public org.springframework.http.ResponseEntity<com.starter.springboot.dto.AuthResponseDTO> com.starter.springboot.controller.AuthenticationController.refreshToken(com.starter.springboot.dto.RefreshTokenRequestDTO): [Field error in object 'refreshTokenRequestDTO' on field 'refreshToken': rejected value [null]; codes [NotBlank.refreshTokenRequestDTO.refreshToken,NotBlank.refreshToken,NotBlank.java.lang.String,NotBlank]; arguments [org.springframework.context.support.DefaultMessageSourceResolvable: codes [refreshTokenRequestDTO.refreshToken,refreshToken]; arguments []; default message [refreshToken]]; default message [This field cannot be blank]] ]
]]></system-out>
  </testcase>
  <testcase name="testSuccessfulAuthenticationWithoutOtp" classname="com.starter.springboot.controller.AuthenticationControllerTest" time="0.242">
    <system-out><![CDATA[2025-12-12 12:36:43 - [] - [] - 5 mappings in org.springframework.web.servlet.mvc.method.annotation.RequestMappingHandlerMapping
2025-12-12 12:36:43 - [] - [] - ControllerAdvice beans: 0 @ModelAttribute, 0 @InitBinder, 1 RequestBodyAdvice, 1 ResponseBodyAdvice
2025-12-12 12:36:43 - [] - [] - Initializing Spring TestDispatcherServlet ''
2025-12-12 12:36:43 - [] - [] - Initializing Servlet ''
2025-12-12 12:36:43 - [] - [] - Completed initialization in 9 ms
2025-12-12 12:36:43 - [] - [] - Mapped to com.starter.springboot.controller.AuthenticationController#authorize(LoginDTO)
2025-12-12 12:36:43 - [] - [] - Read "application/json" to [com.starter.springboot.dto.LoginDTO@6f2c7a5e]
2025-12-12 12:36:43 - [] - [] - Authentication attempt for user: diona.smith
2025-12-12 12:36:43 - [] - [] - Authentication completed for user: diona.smith
2025-12-12 12:36:43 - [] - [] - Using 'application/json', given [*/*] and supported [application/json, application/*+json]
2025-12-12 12:36:43 - [] - [] - Writing [AuthResponseDTO[username=diona.smith, status=SUCCESS, message=null, otpRequired=false, token=com.sta (truncated)...]
]]></system-out>
  </testcase>
  <testcase name="testSuccessfulTokenRefresh" classname="com.starter.springboot.controller.AuthenticationControllerTest" time="0.051">
    <system-out><![CDATA[2025-12-12 12:36:43 - [] - [] - 5 mappings in org.springframework.web.servlet.mvc.method.annotation.RequestMappingHandlerMapping
2025-12-12 12:36:43 - [] - [] - ControllerAdvice beans: 0 @ModelAttribute, 0 @InitBinder, 1 RequestBodyAdvice, 1 ResponseBodyAdvice
2025-12-12 12:36:43 - [] - [] - Initializing Spring TestDispatcherServlet ''
2025-12-12 12:36:43 - [] - [] - Initializing Servlet ''
2025-12-12 12:36:43 - [] - [] - Completed initialization in 0 ms
2025-12-12 12:36:43 - [] - [] - Mapped to com.starter.springboot.controller.AuthenticationController#refreshToken(RefreshTokenRequestDTO)
2025-12-12 12:36:43 - [] - [] - Read "application/json" to [RefreshTokenRequestDTO[refreshToken=old-refresh-token-value]]
2025-12-12 12:36:43 - [] - [] - Token refreshed successfully for user: diona.smith
2025-12-12 12:36:43 - [] - [] - Using 'application/json', given [*/*] and supported [application/json, application/*+json]
2025-12-12 12:36:43 - [] - [] - Writing [AuthResponseDTO[username=diona.smith, status=SUCCESS, message=Authentication successful, otpRequired (truncated)...]
]]></system-out>
  </testcase>
  <testcase name="testSetPassword_WithAuthentication_Success" classname="com.starter.springboot.controller.AuthenticationControllerTest" time="0.064">
    <system-out><![CDATA[2025-12-12 12:36:43 - [] - [] - 5 mappings in org.springframework.web.servlet.mvc.method.annotation.RequestMappingHandlerMapping
2025-12-12 12:36:43 - [] - [] - ControllerAdvice beans: 0 @ModelAttribute, 0 @InitBinder, 1 RequestBodyAdvice, 1 ResponseBodyAdvice
2025-12-12 12:36:43 - [] - [] - Initializing Spring TestDispatcherServlet ''
2025-12-12 12:36:43 - [] - [] - Initializing Servlet ''
2025-12-12 12:36:43 - [] - [] - Completed initialization in 0 ms
2025-12-12 12:36:43 - [] - [] - Mapped to com.starter.springboot.controller.AuthenticationController#setPassword(SetPasswordDTO)
2025-12-12 12:36:43 - [] - [] - Read "application/json" to [com.starter.springboot.dto.SetPasswordDTO@67608ebd]
2025-12-12 12:36:43 - [] - [] - Using 'application/json', given [*/*] and supported [application/json, application/*+json]
2025-12-12 12:36:43 - [] - [] - Writing [SetPasswordResponseDTO[status=SUCCESS, message=Password set successfully, username=testuser@example. (truncated)...]
]]></system-out>
  </testcase>
  <testcase name="testSetPassword_NoTokenAndNotAuthenticated" classname="com.starter.springboot.controller.AuthenticationControllerTest" time="0.308">
    <system-out><![CDATA[2025-12-12 12:36:43 - [] - [] - 5 mappings in org.springframework.web.servlet.mvc.method.annotation.RequestMappingHandlerMapping
2025-12-12 12:36:43 - [] - [] - ControllerAdvice beans: 0 @ModelAttribute, 0 @InitBinder, 1 RequestBodyAdvice, 1 ResponseBodyAdvice
2025-12-12 12:36:43 - [] - [] - Initializing Spring TestDispatcherServlet ''
2025-12-12 12:36:44 - [] - [] - Initializing Servlet ''
2025-12-12 12:36:44 - [] - [] - Completed initialization in 0 ms
2025-12-12 12:36:44 - [] - [] - Mapped to com.starter.springboot.controller.AuthenticationController#setPassword(SetPasswordDTO)
2025-12-12 12:36:44 - [] - [] - Read "application/json" to [com.starter.springboot.dto.SetPasswordDTO@6904f5a0]
2025-12-12 12:36:44 - [] - [] - Using 'application/json', given [*/*] and supported [application/json, application/*+json]
2025-12-12 12:36:44 - [] - [] - Writing [SetPasswordResponseDTO[status=FAILED, message=User not authenticated, username=null, passwordSet=nul (truncated)...]
]]></system-out>
  </testcase>
  <testcase name="testGoogleOAuthLinkingExistingUser" classname="com.starter.springboot.controller.AuthenticationControllerTest" time="0.063">
    <system-out><![CDATA[2025-12-12 12:36:44 - [] - [] - 5 mappings in org.springframework.web.servlet.mvc.method.annotation.RequestMappingHandlerMapping
2025-12-12 12:36:44 - [] - [] - ControllerAdvice beans: 0 @ModelAttribute, 0 @InitBinder, 1 RequestBodyAdvice, 1 ResponseBodyAdvice
2025-12-12 12:36:44 - [] - [] - Initializing Spring TestDispatcherServlet ''
2025-12-12 12:36:44 - [] - [] - Initializing Servlet ''
2025-12-12 12:36:44 - [] - [] - Completed initialization in 0 ms
2025-12-12 12:36:44 - [] - [] - Mapped to com.starter.springboot.controller.AuthenticationController#googleOAuth(GoogleTokenDTO)
2025-12-12 12:36:44 - [] - [] - Read "application/json" to [com.starter.springboot.dto.GoogleTokenDTO@44bc7dc9]
2025-12-12 12:36:44 - [] - [] - Google OAuth authentication attempt
2025-12-12 12:36:44 - [] - [] - Google OAuth authentication successful for user: existing@gmail.com
2025-12-12 12:36:44 - [] - [] - Using 'application/json', given [*/*] and supported [application/json, application/*+json]
2025-12-12 12:36:44 - [] - [] - Writing [AuthResponseDTO[username=existing@gmail.com, status=SUCCESS, message=Authentication successful, otpR (truncated)...]
]]></system-out>
  </testcase>
  <testcase name="testSetPassword_InvalidTemporaryToken" classname="com.starter.springboot.controller.AuthenticationControllerTest" time="0.07">
    <system-out><![CDATA[2025-12-12 12:36:44 - [] - [] - 5 mappings in org.springframework.web.servlet.mvc.method.annotation.RequestMappingHandlerMapping
2025-12-12 12:36:44 - [] - [] - ControllerAdvice beans: 0 @ModelAttribute, 0 @InitBinder, 1 RequestBodyAdvice, 1 ResponseBodyAdvice
2025-12-12 12:36:44 - [] - [] - Initializing Spring TestDispatcherServlet ''
2025-12-12 12:36:44 - [] - [] - Initializing Servlet ''
2025-12-12 12:36:44 - [] - [] - Completed initialization in 0 ms
2025-12-12 12:36:44 - [] - [] - Mapped to com.starter.springboot.controller.AuthenticationController#setPassword(SetPasswordDTO)
2025-12-12 12:36:44 - [] - [] - Read "application/json" to [com.starter.springboot.dto.SetPasswordDTO@38efa316]
2025-12-12 12:36:44 - [] - [] - Using 'application/json', given [*/*] and supported [application/json, application/*+json]
2025-12-12 12:36:44 - [] - [] - Writing [SetPasswordResponseDTO[status=FAILED, message=Temporary token expired or invalid, username=null, pas (truncated)...]
]]></system-out>
  </testcase>
  <testcase name="testOtpRequiredExceptionHandling" classname="com.starter.springboot.controller.AuthenticationControllerTest" time="0.056">
    <system-out><![CDATA[2025-12-12 12:36:44 - [] - [] - 5 mappings in org.springframework.web.servlet.mvc.method.annotation.RequestMappingHandlerMapping
2025-12-12 12:36:44 - [] - [] - ControllerAdvice beans: 0 @ModelAttribute, 0 @InitBinder, 1 RequestBodyAdvice, 1 ResponseBodyAdvice
2025-12-12 12:36:44 - [] - [] - Initializing Spring TestDispatcherServlet ''
2025-12-12 12:36:44 - [] - [] - Initializing Servlet ''
2025-12-12 12:36:44 - [] - [] - Completed initialization in 0 ms
2025-12-12 12:36:44 - [] - [] - Mapped to com.starter.springboot.controller.AuthenticationController#authorize(LoginDTO)
2025-12-12 12:36:44 - [] - [] - Read "application/json" to [com.starter.springboot.dto.LoginDTO@6e641688]
2025-12-12 12:36:44 - [] - [] - Authentication attempt for user: diona.smith
2025-12-12 12:36:44 - [] - [] - OTP required for user: diona.smith
]]></system-out>
  </testcase>
  <testcase name="testGoogleOAuthWithMissingToken" classname="com.starter.springboot.controller.AuthenticationControllerTest" time="0.044">
    <system-out><![CDATA[2025-12-12 12:36:44 - [] - [] - 5 mappings in org.springframework.web.servlet.mvc.method.annotation.RequestMappingHandlerMapping
2025-12-12 12:36:44 - [] - [] - ControllerAdvice beans: 0 @ModelAttribute, 0 @InitBinder, 1 RequestBodyAdvice, 1 ResponseBodyAdvice
2025-12-12 12:36:44 - [] - [] - Initializing Spring TestDispatcherServlet ''
2025-12-12 12:36:44 - [] - [] - Initializing Servlet ''
2025-12-12 12:36:44 - [] - [] - Completed initialization in 0 ms
2025-12-12 12:36:44 - [] - [] - Mapped to com.starter.springboot.controller.AuthenticationController#googleOAuth(GoogleTokenDTO)
2025-12-12 12:36:44 - [] - [] - Read "application/json" to [com.starter.springboot.dto.GoogleTokenDTO@64a82b3c]
2025-12-12 12:36:44 - [] - [] - Resolved [org.springframework.web.bind.MethodArgumentNotValidException: Validation failed for argument [0] in public org.springframework.http.ResponseEntity<?> com.starter.springboot.controller.AuthenticationController.googleOAuth(com.starter.springboot.dto.GoogleTokenDTO): [Field error in object 'googleTokenDTO' on field 'idToken': rejected value [null]; codes [NotNull.googleTokenDTO.idToken,NotNull.idToken,NotNull.java.lang.String,NotNull]; arguments [org.springframework.context.support.DefaultMessageSourceResolvable: codes [googleTokenDTO.idToken,idToken]; arguments []; default message [idToken]]; default message [This field is required]] ]
]]></system-out>
  </testcase>
  <testcase name="testSetPassword_PasswordMismatch" classname="com.starter.springboot.controller.AuthenticationControllerTest" time="0.041">
    <system-out><![CDATA[2025-12-12 12:36:44 - [] - [] - 5 mappings in org.springframework.web.servlet.mvc.method.annotation.RequestMappingHandlerMapping
2025-12-12 12:36:44 - [] - [] - ControllerAdvice beans: 0 @ModelAttribute, 0 @InitBinder, 1 RequestBodyAdvice, 1 ResponseBodyAdvice
2025-12-12 12:36:44 - [] - [] - Initializing Spring TestDispatcherServlet ''
2025-12-12 12:36:44 - [] - [] - Initializing Servlet ''
2025-12-12 12:36:44 - [] - [] - Completed initialization in 0 ms
2025-12-12 12:36:44 - [] - [] - Mapped to com.starter.springboot.controller.AuthenticationController#setPassword(SetPasswordDTO)
2025-12-12 12:36:44 - [] - [] - Read "application/json" to [com.starter.springboot.dto.SetPasswordDTO@254d2871]
2025-12-12 12:36:44 - [] - [] - Password mismatch in set password request
2025-12-12 12:36:44 - [] - [] - Using 'application/json', given [*/*] and supported [application/json, application/*+json]
2025-12-12 12:36:44 - [] - [] - Writing [SetPasswordResponseDTO[status=FAILED, message=Passwords do not match, username=null, passwordSet=nul (truncated)...]
]]></system-out>
  </testcase>
  <testcase name="testSuccessfulGoogleOAuthAuthentication" classname="com.starter.springboot.controller.AuthenticationControllerTest" time="0.049">
    <system-out><![CDATA[2025-12-12 12:36:44 - [] - [] - 5 mappings in org.springframework.web.servlet.mvc.method.annotation.RequestMappingHandlerMapping
2025-12-12 12:36:44 - [] - [] - ControllerAdvice beans: 0 @ModelAttribute, 0 @InitBinder, 1 RequestBodyAdvice, 1 ResponseBodyAdvice
2025-12-12 12:36:44 - [] - [] - Initializing Spring TestDispatcherServlet ''
2025-12-12 12:36:44 - [] - [] - Initializing Servlet ''
2025-12-12 12:36:44 - [] - [] - Completed initialization in 0 ms
2025-12-12 12:36:44 - [] - [] - Mapped to com.starter.springboot.controller.AuthenticationController#googleOAuth(GoogleTokenDTO)
2025-12-12 12:36:44 - [] - [] - Read "application/json" to [com.starter.springboot.dto.GoogleTokenDTO@1a80c87b]
2025-12-12 12:36:44 - [] - [] - Google OAuth authentication attempt
2025-12-12 12:36:44 - [] - [] - Google OAuth authentication successful for user: user@gmail.com
2025-12-12 12:36:44 - [] - [] - Using 'application/json', given [*/*] and supported [application/json, application/*+json]
2025-12-12 12:36:44 - [] - [] - Writing [AuthResponseDTO[username=user@gmail.com, status=SUCCESS, message=Authentication successful, otpRequi (truncated)...]
]]></system-out>
  </testcase>
  <testcase name="testRefreshTokenWithInvalidToken" classname="com.starter.springboot.controller.AuthenticationControllerTest" time="0.07">
    <system-out><![CDATA[2025-12-12 12:36:44 - [] - [] - 5 mappings in org.springframework.web.servlet.mvc.method.annotation.RequestMappingHandlerMapping
2025-12-12 12:36:44 - [] - [] - ControllerAdvice beans: 0 @ModelAttribute, 0 @InitBinder, 1 RequestBodyAdvice, 1 ResponseBodyAdvice
2025-12-12 12:36:44 - [] - [] - Initializing Spring TestDispatcherServlet ''
2025-12-12 12:36:44 - [] - [] - Initializing Servlet ''
2025-12-12 12:36:44 - [] - [] - Completed initialization in 0 ms
2025-12-12 12:36:44 - [] - [] - Mapped to com.starter.springboot.controller.AuthenticationController#refreshToken(RefreshTokenRequestDTO)
2025-12-12 12:36:44 - [] - [] - Read "application/json" to [RefreshTokenRequestDTO[refreshToken=invalid-refresh-token]]
2025-12-12 12:36:44 - [] - [] - Token refresh failed: Invalid refresh token
2025-12-12 12:36:44 - [] - [] - Using 'application/json', given [*/*] and supported [application/json, application/*+json]
2025-12-12 12:36:44 - [] - [] - Writing [AuthResponseDTO[username=null, status=FAILED, message=Invalid refresh token, otpRequired=false, toke (truncated)...]
]]></system-out>
  </testcase>
  <testcase name="testTokenCreationWithRememberMe" classname="com.starter.springboot.controller.AuthenticationControllerTest" time="0.065">
    <system-out><![CDATA[2025-12-12 12:36:44 - [] - [] - 5 mappings in org.springframework.web.servlet.mvc.method.annotation.RequestMappingHandlerMapping
2025-12-12 12:36:44 - [] - [] - ControllerAdvice beans: 0 @ModelAttribute, 0 @InitBinder, 1 RequestBodyAdvice, 1 ResponseBodyAdvice
2025-12-12 12:36:44 - [] - [] - Initializing Spring TestDispatcherServlet ''
2025-12-12 12:36:44 - [] - [] - Initializing Servlet ''
2025-12-12 12:36:44 - [] - [] - Completed initialization in 1 ms
2025-12-12 12:36:44 - [] - [] - Mapped to com.starter.springboot.controller.AuthenticationController#authorize(LoginDTO)
2025-12-12 12:36:44 - [] - [] - Read "application/json" to [com.starter.springboot.dto.LoginDTO@3400f5aa]
2025-12-12 12:36:44 - [] - [] - Authentication attempt for user: diona.smith
2025-12-12 12:36:44 - [] - [] - Authentication completed for user: diona.smith
2025-12-12 12:36:44 - [] - [] - Using 'application/json', given [*/*] and supported [application/json, application/*+json]
2025-12-12 12:36:44 - [] - [] - Writing [AuthResponseDTO[username=diona.smith, status=SUCCESS, message=null, otpRequired=false, token=com.sta (truncated)...]
]]></system-out>
  </testcase>
  <testcase name="testRefreshTokenWhenUserNotFound" classname="com.starter.springboot.controller.AuthenticationControllerTest" time="0.074">
    <system-out><![CDATA[2025-12-12 12:36:44 - [] - [] - 5 mappings in org.springframework.web.servlet.mvc.method.annotation.RequestMappingHandlerMapping
2025-12-12 12:36:44 - [] - [] - ControllerAdvice beans: 0 @ModelAttribute, 0 @InitBinder, 1 RequestBodyAdvice, 1 ResponseBodyAdvice
2025-12-12 12:36:44 - [] - [] - Initializing Spring TestDispatcherServlet ''
2025-12-12 12:36:44 - [] - [] - Initializing Servlet ''
2025-12-12 12:36:44 - [] - [] - Completed initialization in 1 ms
2025-12-12 12:36:44 - [] - [] - Mapped to com.starter.springboot.controller.AuthenticationController#refreshToken(RefreshTokenRequestDTO)
2025-12-12 12:36:44 - [] - [] - Read "application/json" to [RefreshTokenRequestDTO[refreshToken=valid-refresh-token]]
2025-12-12 12:36:44 - [] - [] - Token refresh failed: User not found
2025-12-12 12:36:44 - [] - [] - Using 'application/json', given [*/*] and supported [application/json, application/*+json]
2025-12-12 12:36:44 - [] - [] - Writing [AuthResponseDTO[username=null, status=FAILED, message=Invalid refresh token, otpRequired=false, toke (truncated)...]
]]></system-out>
  </testcase>
  <testcase name="testSetPassword_WithTemporaryToken_Success" classname="com.starter.springboot.controller.AuthenticationControllerTest" time="0.055">
    <system-out><![CDATA[2025-12-12 12:36:44 - [] - [] - 5 mappings in org.springframework.web.servlet.mvc.method.annotation.RequestMappingHandlerMapping
2025-12-12 12:36:44 - [] - [] - ControllerAdvice beans: 0 @ModelAttribute, 0 @InitBinder, 1 RequestBodyAdvice, 1 ResponseBodyAdvice
2025-12-12 12:36:44 - [] - [] - Initializing Spring TestDispatcherServlet ''
2025-12-12 12:36:44 - [] - [] - Initializing Servlet ''
2025-12-12 12:36:44 - [] - [] - Completed initialization in 1 ms
2025-12-12 12:36:44 - [] - [] - Mapped to com.starter.springboot.controller.AuthenticationController#setPassword(SetPasswordDTO)
2025-12-12 12:36:44 - [] - [] - Read "application/json" to [com.starter.springboot.dto.SetPasswordDTO@69612ba4]
2025-12-12 12:36:44 - [] - [] - Using 'application/json', given [*/*] and supported [application/json, application/*+json]
2025-12-12 12:36:44 - [] - [] - Writing [SetPasswordResponseDTO[status=SUCCESS, message=Password set successfully, username=testuser@example. (truncated)...]
]]></system-out>
  </testcase>
</testsuite>